[08:38:07.068] Global cache location '/home/ronnie/.cache/typescript/4.7', safe file path '/home/ronnie/.fnm/node-versions/v16.14.2/installation/lib/node_modules/typescript/lib/typingSafeList.json', types map path /home/ronnie/.fnm/node-versions/v16.14.2/installation/lib/node_modules/typescript/lib/typesMap.json
[08:38:07.068] Processing cache location '/home/ronnie/.cache/typescript/4.7'
[08:38:07.068] Trying to find '/home/ronnie/.cache/typescript/4.7/package.json'...
[08:38:07.071] Loaded content of '/home/ronnie/.cache/typescript/4.7/package.json': {"private":true,"dependencies":{"types-registry":"^0.1.609"},"devDependencies":{"@types/accepts":"^1.3.5","@types/babel__preset-env":"^7.9.2","@types/bytes":"^3.1.1","@types/compressible":"^2.0.0","@types/compression":"^1.7.2","@types/cors":"^2.8.12","@types/debug":"^4.1.7","@types/eslint":"^8.4.3","@types/eslint-config-prettier":"^6.11.0","@types/eslint-plugin-prettier":"^3.1.0","@types/exit":"^0.1.31","@types/express":"^4.17.13","@types/fibers":"^3.1.1","@types/fs-extra":"^9.0.13","@types/glob":"^7.2.0","@types/hash-sum":"^1.0.0","@types/jquery":"^3.5.14","@types/lodash":"^4.14.182","@types/mime-db":"^1.43.1","@types/mime-types":"^2.1.1","@types/minimist":"^1.2.2","@types/negotiator":"^0.6.1","@types/node":"^18.6.2","@types/node-sass":"^4.11.2","@types/nodemon":"^1.19.2","@types/object-assign":"^4.0.30","@types/on-headers":"^1.0.0","@types/pify":"^5.0.1","@types/prettier":"^2.6.3","@types/ramda":"^0.28.15","@types/rollup-plugin-css-only":"^3.1.0","@types/sass-loader":"^8.0.3","@types/semver":"^7.3.10","@types/serialize-javascript":"^5.0.2","@types/uuid":"^8.3.4","@types/vary":"^1.1.0","@types/webpack-node-externals":"^2.5.3","@types/wrap-ansi":"^8.0.1"}}
[08:38:07.072] Loaded content of '/home/ronnie/.cache/typescript/4.7/package-lock.json'
[08:38:07.082] Adding entry into typings cache: 'accepts' => '/home/ronnie/.cache/typescript/4.7/node_modules/@types/accepts/index.d.ts'
[08:38:07.085] Adding entry into typings cache: 'babel__preset-env' => '/home/ronnie/.cache/typescript/4.7/node_modules/@types/babel__preset-env/index.d.ts'
[08:38:07.087] Adding entry into typings cache: 'bytes' => '/home/ronnie/.cache/typescript/4.7/node_modules/@types/bytes/index.d.ts'
[08:38:07.089] Adding entry into typings cache: 'compressible' => '/home/ronnie/.cache/typescript/4.7/node_modules/@types/compressible/index.d.ts'
[08:38:07.091] Adding entry into typings cache: 'compression' => '/home/ronnie/.cache/typescript/4.7/node_modules/@types/compression/index.d.ts'
[08:38:07.093] Adding entry into typings cache: 'cors' => '/home/ronnie/.cache/typescript/4.7/node_modules/@types/cors/index.d.ts'
[08:38:07.094] Adding entry into typings cache: 'debug' => '/home/ronnie/.cache/typescript/4.7/node_modules/@types/debug/index.d.ts'
[08:38:07.097] Adding entry into typings cache: 'eslint' => '/home/ronnie/.cache/typescript/4.7/node_modules/@types/eslint/index.d.ts'
[08:38:07.099] Adding entry into typings cache: 'eslint-config-prettier' => '/home/ronnie/.cache/typescript/4.7/node_modules/@types/eslint-config-prettier/index.d.ts'
[08:38:07.102] Adding entry into typings cache: 'eslint-plugin-prettier' => '/home/ronnie/.cache/typescript/4.7/node_modules/@types/eslint-plugin-prettier/index.d.ts'
[08:38:07.104] Adding entry into typings cache: 'exit' => '/home/ronnie/.cache/typescript/4.7/node_modules/@types/exit/index.d.ts'
[08:38:07.106] Adding entry into typings cache: 'express' => '/home/ronnie/.cache/typescript/4.7/node_modules/@types/express/index.d.ts'
[08:38:07.108] Adding entry into typings cache: 'fibers' => '/home/ronnie/.cache/typescript/4.7/node_modules/@types/fibers/index.d.ts'
[08:38:07.111] Adding entry into typings cache: 'fs-extra' => '/home/ronnie/.cache/typescript/4.7/node_modules/@types/fs-extra/index.d.ts'
[08:38:07.112] Adding entry into typings cache: 'glob' => '/home/ronnie/.cache/typescript/4.7/node_modules/@types/glob/index.d.ts'
[08:38:07.114] Adding entry into typings cache: 'hash-sum' => '/home/ronnie/.cache/typescript/4.7/node_modules/@types/hash-sum/index.d.ts'
[08:38:07.117] Adding entry into typings cache: 'jquery' => '/home/ronnie/.cache/typescript/4.7/node_modules/@types/jquery/index.d.ts'
[08:38:07.120] Adding entry into typings cache: 'lodash' => '/home/ronnie/.cache/typescript/4.7/node_modules/@types/lodash/index.d.ts'
[08:38:07.123] Adding entry into typings cache: 'mime-db' => '/home/ronnie/.cache/typescript/4.7/node_modules/@types/mime-db/index.d.ts'
[08:38:07.126] Adding entry into typings cache: 'mime-types' => '/home/ronnie/.cache/typescript/4.7/node_modules/@types/mime-types/index.d.ts'
[08:38:07.127] Adding entry into typings cache: 'minimist' => '/home/ronnie/.cache/typescript/4.7/node_modules/@types/minimist/index.d.ts'
[08:38:07.128] Adding entry into typings cache: 'negotiator' => '/home/ronnie/.cache/typescript/4.7/node_modules/@types/negotiator/index.d.ts'
[08:38:07.132] Adding entry into typings cache: 'node' => '/home/ronnie/.cache/typescript/4.7/node_modules/@types/node/index.d.ts'
[08:38:07.134] Adding entry into typings cache: 'node-sass' => '/home/ronnie/.cache/typescript/4.7/node_modules/@types/node-sass/index.d.ts'
[08:38:07.135] Adding entry into typings cache: 'nodemon' => '/home/ronnie/.cache/typescript/4.7/node_modules/@types/nodemon/index.d.ts'
[08:38:07.136] Adding entry into typings cache: 'object-assign' => '/home/ronnie/.cache/typescript/4.7/node_modules/@types/object-assign/index.d.ts'
[08:38:07.137] Adding entry into typings cache: 'on-headers' => '/home/ronnie/.cache/typescript/4.7/node_modules/@types/on-headers/index.d.ts'
[08:38:07.138] Adding entry into typings cache: 'pify' => '/home/ronnie/.cache/typescript/4.7/node_modules/@types/pify/index.d.ts'
[08:38:07.140] Adding entry into typings cache: 'prettier' => '/home/ronnie/.cache/typescript/4.7/node_modules/@types/prettier/index.d.ts'
[08:38:07.143] Adding entry into typings cache: 'ramda' => '/home/ronnie/.cache/typescript/4.7/node_modules/@types/ramda/index.d.ts'
[08:38:07.144] Adding entry into typings cache: 'rollup-plugin-css-only' => '/home/ronnie/.cache/typescript/4.7/node_modules/@types/rollup-plugin-css-only/index.d.ts'
[08:38:07.145] Adding entry into typings cache: 'sass-loader' => '/home/ronnie/.cache/typescript/4.7/node_modules/@types/sass-loader/index.d.ts'
[08:38:07.147] Adding entry into typings cache: 'semver' => '/home/ronnie/.cache/typescript/4.7/node_modules/@types/semver/index.d.ts'
[08:38:07.150] Adding entry into typings cache: 'serialize-javascript' => '/home/ronnie/.cache/typescript/4.7/node_modules/@types/serialize-javascript/index.d.ts'
[08:38:07.151] Adding entry into typings cache: 'uuid' => '/home/ronnie/.cache/typescript/4.7/node_modules/@types/uuid/index.d.ts'
[08:38:07.151] Adding entry into typings cache: 'vary' => '/home/ronnie/.cache/typescript/4.7/node_modules/@types/vary/index.d.ts'
[08:38:07.152] Adding entry into typings cache: 'webpack-node-externals' => '/home/ronnie/.cache/typescript/4.7/node_modules/@types/webpack-node-externals/index.d.ts'
[08:38:07.154] Adding entry into typings cache: 'wrap-ansi' => '/home/ronnie/.cache/typescript/4.7/node_modules/@types/wrap-ansi/index.d.ts'
[08:38:07.154] Finished processing cache location '/home/ronnie/.cache/typescript/4.7'
[08:38:07.154] Process id: 6967
[08:38:07.154] NPM location: /home/ronnie/.fnm/node-versions/v16.14.2/installation/bin/npm (explicit '--npmLocation' not  provided)
[08:38:07.154] validateDefaultNpmLocation: false
[08:38:07.154] Npm config file: /home/ronnie/.cache/typescript/4.7/package.json
[08:38:07.154] Updating types-registry npm package...
[08:38:07.155] Exec: /home/ronnie/.fnm/node-versions/v16.14.2/installation/bin/npm install --ignore-scripts types-registry@latest
[08:38:09.104]     Succeeded. stdout:
    
    up to date, audited 137 packages in 2s

9 packages are looking for funding
  run `npm fund` for details

1 high severity vulnerability

To address all issues, run:
  npm audit fix

Run `npm audit` for details.

[08:38:09.104] Updated types-registry npm package
[08:38:11.122] Got install request {"projectName":"/dev/null/inferredProject1*","fileNames":["/home/ronnie/.fnm/node-versions/v16.14.2/installation/lib/node_modules/typescript/lib/lib.es5.d.ts","/home/ronnie/.fnm/node-versions/v16.14.2/installation/lib/node_modules/typescript/lib/lib.es2015.d.ts","/home/ronnie/.fnm/node-versions/v16.14.2/installation/lib/node_modules/typescript/lib/lib.es2016.d.ts","/home/ronnie/.fnm/node-versions/v16.14.2/installation/lib/node_modules/typescript/lib/lib.dom.d.ts","/home/ronnie/.fnm/node-versions/v16.14.2/installation/lib/node_modules/typescript/lib/lib.dom.iterable.d.ts","/home/ronnie/.fnm/node-versions/v16.14.2/installation/lib/node_modules/typescript/lib/lib.webworker.importscripts.d.ts","/home/ronnie/.fnm/node-versions/v16.14.2/installation/lib/node_modules/typescript/lib/lib.scripthost.d.ts","/home/ronnie/.fnm/node-versions/v16.14.2/installation/lib/node_modules/typescript/lib/lib.es2015.core.d.ts","/home/ronnie/.fnm/node-versions/v16.14.2/installation/lib/node_modules/typescript/lib/lib.es2015.collection.d.ts","/home/ronnie/.fnm/node-versions/v16.14.2/installation/lib/node_modules/typescript/lib/lib.es2015.generator.d.ts","/home/ronnie/.fnm/node-versions/v16.14.2/installation/lib/node_modules/typescript/lib/lib.es2015.iterable.d.ts","/home/ronnie/.fnm/node-versions/v16.14.2/installation/lib/node_modules/typescript/lib/lib.es2015.promise.d.ts","/home/ronnie/.fnm/node-versions/v16.14.2/installation/lib/node_modules/typescript/lib/lib.es2015.proxy.d.ts","/home/ronnie/.fnm/node-versions/v16.14.2/installation/lib/node_modules/typescript/lib/lib.es2015.reflect.d.ts","/home/ronnie/.fnm/node-versions/v16.14.2/installation/lib/node_modules/typescript/lib/lib.es2015.symbol.d.ts","/home/ronnie/.fnm/node-versions/v16.14.2/installation/lib/node_modules/typescript/lib/lib.es2015.symbol.wellknown.d.ts","/home/ronnie/.fnm/node-versions/v16.14.2/installation/lib/node_modules/typescript/lib/lib.es2016.array.include.d.ts","/home/ronnie/.fnm/node-versions/v16.14.2/installation/lib/node_modules/typescript/lib/lib.es2016.full.d.ts","/home/ronnie/Harikar/harikar-website-astro/astro.config.mjs"],"compilerOptions":{"module":1,"target":3,"jsx":1,"allowJs":true,"allowSyntheticDefaultImports":true,"allowNonTsExtensions":true,"noEmitForJsFiles":true,"maxNodeModuleJsDepth":2},"typeAcquisition":{"enable":true,"include":[],"exclude":[]},"unresolvedImports":[],"projectRootPath":"/home/ronnie/Harikar/harikar-website-astro","kind":"discover"}
[08:38:11.142] Loaded safelist from types map file '/home/ronnie/.fnm/node-versions/v16.14.2/installation/lib/node_modules/typescript/lib/typesMap.json'
[08:38:11.144] Explicitly included types: []
[08:38:11.145] Typing names in '/home/ronnie/Harikar/harikar-website-astro/package.json' dependencies: ["@astrojs/mdx","@astrojs/sitemap","@astrojs/vue","astro","vue"]
[08:38:11.146] Searching for typing names in /home/ronnie/Harikar/harikar-website-astro/node_modules; all files: ["/home/ronnie/Harikar/harikar-website-astro/node_modules/@astrojs/mdx/package.json","/home/ronnie/Harikar/harikar-website-astro/node_modules/@astrojs/sitemap/package.json","/home/ronnie/Harikar/harikar-website-astro/node_modules/@astrojs/vue/package.json","/home/ronnie/Harikar/harikar-website-astro/node_modules/astro/package.json","/home/ronnie/Harikar/harikar-website-astro/node_modules/vue/package.json"]
[08:38:11.147]     Package '@astrojs/mdx' provides its own types.
[08:38:11.148]     Package '@astrojs/sitemap' provides its own types.
[08:38:11.150]     Package '@astrojs/vue' provides its own types.
[08:38:11.152]     Package 'astro' provides its own types.
[08:38:11.153]     Package 'vue' provides its own types.
[08:38:11.153]     Found package names: []
[08:38:11.154] Inferred typings from unresolved imports: []
[08:38:11.154] Result: {"cachedTypingPaths":["/home/ronnie/Harikar/harikar-website-astro/node_modules/@astrojs/mdx/dist/index.d.ts","/home/ronnie/Harikar/harikar-website-astro/node_modules/@astrojs/sitemap/dist/index.d.ts","/home/ronnie/Harikar/harikar-website-astro/node_modules/@astrojs/vue/dist/index.d.ts","/home/ronnie/Harikar/harikar-website-astro/node_modules/astro/dist/@types/astro.d.ts","/home/ronnie/Harikar/harikar-website-astro/node_modules/vue/dist/vue.d.ts"],"newTypingNames":[],"filesToWatch":["/home/ronnie/Harikar/harikar-website-astro/bower_components","/home/ronnie/Harikar/harikar-website-astro/package.json","/home/ronnie/Harikar/harikar-website-astro/node_modules"]}
[08:38:11.154] Finished typings discovery: {"cachedTypingPaths":["/home/ronnie/Harikar/harikar-website-astro/node_modules/@astrojs/mdx/dist/index.d.ts","/home/ronnie/Harikar/harikar-website-astro/node_modules/@astrojs/sitemap/dist/index.d.ts","/home/ronnie/Harikar/harikar-website-astro/node_modules/@astrojs/vue/dist/index.d.ts","/home/ronnie/Harikar/harikar-website-astro/node_modules/astro/dist/@types/astro.d.ts","/home/ronnie/Harikar/harikar-website-astro/node_modules/vue/dist/vue.d.ts"],"newTypingNames":[],"filesToWatch":["/home/ronnie/Harikar/harikar-website-astro/bower_components","/home/ronnie/Harikar/harikar-website-astro/package.json","/home/ronnie/Harikar/harikar-website-astro/node_modules"]}
[08:38:11.154] DirectoryWatcher:: Added:: WatchInfo: /home/ronnie/Harikar/harikar-website-astro/bower_components
[08:38:11.154] DirectoryWatcher:: Added:: WatchInfo: /home/ronnie/Harikar/harikar-website-astro/bower_components 1 undefined Project: /dev/null/inferredProject1* watcher already invoked: false
[08:38:11.156] Elapsed:: 1.8082860000431538ms DirectoryWatcher:: Added:: WatchInfo: /home/ronnie/Harikar/harikar-website-astro/bower_components 1 undefined Project: /dev/null/inferredProject1* watcher already invoked: false
[08:38:11.157] FileWatcher:: Added:: WatchInfo: /home/ronnie/Harikar/harikar-website-astro/package.json
[08:38:11.157] FileWatcher:: Added:: WatchInfo: /home/ronnie/Harikar/harikar-website-astro/package.json 2000 undefined Project: /dev/null/inferredProject1* watcher already invoked: false
[08:38:11.158] DirectoryWatcher:: Added:: WatchInfo: /home/ronnie/Harikar/harikar-website-astro/node_modules
[08:38:11.159] DirectoryWatcher:: Added:: WatchInfo: /home/ronnie/Harikar/harikar-website-astro/node_modules 1 undefined Project: /dev/null/inferredProject1* watcher already invoked: false
[08:38:11.273] Elapsed:: 114.00444000004791ms DirectoryWatcher:: Added:: WatchInfo: /home/ronnie/Harikar/harikar-website-astro/node_modules 1 undefined Project: /dev/null/inferredProject1* watcher already invoked: false
[08:38:11.273] Sending response:
    {"projectName":"/dev/null/inferredProject1*","typeAcquisition":{"enable":true,"include":[],"exclude":[]},"compilerOptions":{"module":1,"target":3,"jsx":1,"allowJs":true,"allowSyntheticDefaultImports":true,"allowNonTsExtensions":true,"noEmitForJsFiles":true,"maxNodeModuleJsDepth":2},"typings":["/home/ronnie/Harikar/harikar-website-astro/node_modules/@astrojs/mdx/dist/index.d.ts","/home/ronnie/Harikar/harikar-website-astro/node_modules/@astrojs/sitemap/dist/index.d.ts","/home/ronnie/Harikar/harikar-website-astro/node_modules/@astrojs/vue/dist/index.d.ts","/home/ronnie/Harikar/harikar-website-astro/node_modules/astro/dist/@types/astro.d.ts","/home/ronnie/Harikar/harikar-website-astro/node_modules/vue/dist/vue.d.ts"],"unresolvedImports":[],"kind":"action::set"}
[08:38:11.273] Response has been sent.
[08:38:11.273] No new typings were requested as a result of typings discovery
[08:38:11.735] Got install request {"projectName":"/dev/null/inferredProject1*","fileNames":["/home/ronnie/.fnm/node-versions/v16.14.2/installation/lib/node_modules/typescript/lib/lib.es5.d.ts","/home/ronnie/.fnm/node-versions/v16.14.2/installation/lib/node_modules/typescript/lib/lib.es2015.d.ts","/home/ronnie/.fnm/node-versions/v16.14.2/installation/lib/node_modules/typescript/lib/lib.es2016.d.ts","/home/ronnie/.fnm/node-versions/v16.14.2/installation/lib/node_modules/typescript/lib/lib.dom.d.ts","/home/ronnie/.fnm/node-versions/v16.14.2/installation/lib/node_modules/typescript/lib/lib.dom.iterable.d.ts","/home/ronnie/.fnm/node-versions/v16.14.2/installation/lib/node_modules/typescript/lib/lib.webworker.importscripts.d.ts","/home/ronnie/.fnm/node-versions/v16.14.2/installation/lib/node_modules/typescript/lib/lib.scripthost.d.ts","/home/ronnie/.fnm/node-versions/v16.14.2/installation/lib/node_modules/typescript/lib/lib.es2015.core.d.ts","/home/ronnie/.fnm/node-versions/v16.14.2/installation/lib/node_modules/typescript/lib/lib.es2015.collection.d.ts","/home/ronnie/.fnm/node-versions/v16.14.2/installation/lib/node_modules/typescript/lib/lib.es2015.generator.d.ts","/home/ronnie/.fnm/node-versions/v16.14.2/installation/lib/node_modules/typescript/lib/lib.es2015.iterable.d.ts","/home/ronnie/.fnm/node-versions/v16.14.2/installation/lib/node_modules/typescript/lib/lib.es2015.promise.d.ts","/home/ronnie/.fnm/node-versions/v16.14.2/installation/lib/node_modules/typescript/lib/lib.es2015.proxy.d.ts","/home/ronnie/.fnm/node-versions/v16.14.2/installation/lib/node_modules/typescript/lib/lib.es2015.reflect.d.ts","/home/ronnie/.fnm/node-versions/v16.14.2/installation/lib/node_modules/typescript/lib/lib.es2015.symbol.d.ts","/home/ronnie/.fnm/node-versions/v16.14.2/installation/lib/node_modules/typescript/lib/lib.es2015.symbol.wellknown.d.ts","/home/ronnie/.fnm/node-versions/v16.14.2/installation/lib/node_modules/typescript/lib/lib.es2016.array.include.d.ts","/home/ronnie/.fnm/node-versions/v16.14.2/installation/lib/node_modules/typescript/lib/lib.es2016.full.d.ts","/home/ronnie/Harikar/harikar-website-astro/node_modules/astro/dist/@types/astro.d.ts","/home/ronnie/Harikar/harikar-website-astro/node_modules/@astrojs/mdx/dist/index.d.ts","/home/ronnie/Harikar/harikar-website-astro/node_modules/@astrojs/vue/dist/index.d.ts","/home/ronnie/Harikar/harikar-website-astro/node_modules/@astrojs/sitemap/dist/index.d.ts","/home/ronnie/Harikar/harikar-website-astro/astro.config.mjs","/home/ronnie/Harikar/harikar-website-astro/node_modules/vue/dist/vue.d.ts"],"compilerOptions":{"module":1,"target":3,"jsx":1,"allowJs":true,"allowSyntheticDefaultImports":true,"allowNonTsExtensions":true,"noEmitForJsFiles":true,"maxNodeModuleJsDepth":2},"typeAcquisition":{"enable":true,"include":[],"exclude":[]},"unresolvedImports":[],"projectRootPath":"/home/ronnie/Harikar/harikar-website-astro","kind":"discover"}
[08:38:11.735] Explicitly included types: []
[08:38:11.736] Typing names in '/home/ronnie/Harikar/harikar-website-astro/package.json' dependencies: ["@astrojs/mdx","@astrojs/sitemap","@astrojs/vue","astro","vue"]
[08:38:11.736] Searching for typing names in /home/ronnie/Harikar/harikar-website-astro/node_modules; all files: ["/home/ronnie/Harikar/harikar-website-astro/node_modules/@astrojs/mdx/package.json","/home/ronnie/Harikar/harikar-website-astro/node_modules/@astrojs/sitemap/package.json","/home/ronnie/Harikar/harikar-website-astro/node_modules/@astrojs/vue/package.json","/home/ronnie/Harikar/harikar-website-astro/node_modules/astro/package.json","/home/ronnie/Harikar/harikar-website-astro/node_modules/vue/package.json"]
[08:38:11.739]     Package '@astrojs/mdx' provides its own types.
[08:38:11.741]     Package '@astrojs/sitemap' provides its own types.
[08:38:11.741]     Package '@astrojs/vue' provides its own types.
[08:38:11.743]     Package 'astro' provides its own types.
[08:38:11.744]     Package 'vue' provides its own types.
[08:38:11.744]     Found package names: []
[08:38:11.744] Inferred typings from unresolved imports: []
[08:38:11.744] Result: {"cachedTypingPaths":["/home/ronnie/Harikar/harikar-website-astro/node_modules/@astrojs/mdx/dist/index.d.ts","/home/ronnie/Harikar/harikar-website-astro/node_modules/@astrojs/sitemap/dist/index.d.ts","/home/ronnie/Harikar/harikar-website-astro/node_modules/@astrojs/vue/dist/index.d.ts","/home/ronnie/Harikar/harikar-website-astro/node_modules/astro/dist/@types/astro.d.ts","/home/ronnie/Harikar/harikar-website-astro/node_modules/vue/dist/vue.d.ts"],"newTypingNames":[],"filesToWatch":["/home/ronnie/Harikar/harikar-website-astro/bower_components","/home/ronnie/Harikar/harikar-website-astro/package.json","/home/ronnie/Harikar/harikar-website-astro/node_modules"]}
[08:38:11.744] Finished typings discovery: {"cachedTypingPaths":["/home/ronnie/Harikar/harikar-website-astro/node_modules/@astrojs/mdx/dist/index.d.ts","/home/ronnie/Harikar/harikar-website-astro/node_modules/@astrojs/sitemap/dist/index.d.ts","/home/ronnie/Harikar/harikar-website-astro/node_modules/@astrojs/vue/dist/index.d.ts","/home/ronnie/Harikar/harikar-website-astro/node_modules/astro/dist/@types/astro.d.ts","/home/ronnie/Harikar/harikar-website-astro/node_modules/vue/dist/vue.d.ts"],"newTypingNames":[],"filesToWatch":["/home/ronnie/Harikar/harikar-website-astro/bower_components","/home/ronnie/Harikar/harikar-website-astro/package.json","/home/ronnie/Harikar/harikar-website-astro/node_modules"]}
[08:38:11.744] Sending response:
    {"projectName":"/dev/null/inferredProject1*","typeAcquisition":{"enable":true,"include":[],"exclude":[]},"compilerOptions":{"module":1,"target":3,"jsx":1,"allowJs":true,"allowSyntheticDefaultImports":true,"allowNonTsExtensions":true,"noEmitForJsFiles":true,"maxNodeModuleJsDepth":2},"typings":["/home/ronnie/Harikar/harikar-website-astro/node_modules/@astrojs/mdx/dist/index.d.ts","/home/ronnie/Harikar/harikar-website-astro/node_modules/@astrojs/sitemap/dist/index.d.ts","/home/ronnie/Harikar/harikar-website-astro/node_modules/@astrojs/vue/dist/index.d.ts","/home/ronnie/Harikar/harikar-website-astro/node_modules/astro/dist/@types/astro.d.ts","/home/ronnie/Harikar/harikar-website-astro/node_modules/vue/dist/vue.d.ts"],"unresolvedImports":[],"kind":"action::set"}
[08:38:11.744] Response has been sent.
[08:38:11.744] No new typings were requested as a result of typings discovery
[08:46:58.324] FileWatcher:: Triggered with /home/ronnie/Harikar/harikar-website-astro/package.json 1:: WatchInfo: /home/ronnie/Harikar/harikar-website-astro/package.json 2000 undefined Project: /dev/null/inferredProject1* watcher already invoked: false
[08:46:58.325] Sending response:
    {"projectName":"/dev/null/inferredProject1*","kind":"action::invalidate"}
[08:46:58.325] Response has been sent.
[08:46:58.325] Elapsed:: 0.16125999996438622ms FileWatcher:: Triggered with /home/ronnie/Harikar/harikar-website-astro/package.json 1:: WatchInfo: /home/ronnie/Harikar/harikar-website-astro/package.json 2000 undefined Project: /dev/null/inferredProject1* watcher already invoked: false
[08:46:58.426] Got install request {"projectName":"/dev/null/inferredProject1*","fileNames":["/home/ronnie/.fnm/node-versions/v16.14.2/installation/lib/node_modules/typescript/lib/lib.es5.d.ts","/home/ronnie/.fnm/node-versions/v16.14.2/installation/lib/node_modules/typescript/lib/lib.es2015.d.ts","/home/ronnie/.fnm/node-versions/v16.14.2/installation/lib/node_modules/typescript/lib/lib.es2016.d.ts","/home/ronnie/.fnm/node-versions/v16.14.2/installation/lib/node_modules/typescript/lib/lib.dom.d.ts","/home/ronnie/.fnm/node-versions/v16.14.2/installation/lib/node_modules/typescript/lib/lib.dom.iterable.d.ts","/home/ronnie/.fnm/node-versions/v16.14.2/installation/lib/node_modules/typescript/lib/lib.webworker.importscripts.d.ts","/home/ronnie/.fnm/node-versions/v16.14.2/installation/lib/node_modules/typescript/lib/lib.scripthost.d.ts","/home/ronnie/.fnm/node-versions/v16.14.2/installation/lib/node_modules/typescript/lib/lib.es2015.core.d.ts","/home/ronnie/.fnm/node-versions/v16.14.2/installation/lib/node_modules/typescript/lib/lib.es2015.collection.d.ts","/home/ronnie/.fnm/node-versions/v16.14.2/installation/lib/node_modules/typescript/lib/lib.es2015.generator.d.ts","/home/ronnie/.fnm/node-versions/v16.14.2/installation/lib/node_modules/typescript/lib/lib.es2015.iterable.d.ts","/home/ronnie/.fnm/node-versions/v16.14.2/installation/lib/node_modules/typescript/lib/lib.es2015.promise.d.ts","/home/ronnie/.fnm/node-versions/v16.14.2/installation/lib/node_modules/typescript/lib/lib.es2015.proxy.d.ts","/home/ronnie/.fnm/node-versions/v16.14.2/installation/lib/node_modules/typescript/lib/lib.es2015.reflect.d.ts","/home/ronnie/.fnm/node-versions/v16.14.2/installation/lib/node_modules/typescript/lib/lib.es2015.symbol.d.ts","/home/ronnie/.fnm/node-versions/v16.14.2/installation/lib/node_modules/typescript/lib/lib.es2015.symbol.wellknown.d.ts","/home/ronnie/.fnm/node-versions/v16.14.2/installation/lib/node_modules/typescript/lib/lib.es2016.array.include.d.ts","/home/ronnie/.fnm/node-versions/v16.14.2/installation/lib/node_modules/typescript/lib/lib.es2016.full.d.ts","/home/ronnie/Harikar/harikar-website-astro/node_modules/astro/dist/@types/astro.d.ts","/home/ronnie/Harikar/harikar-website-astro/node_modules/@astrojs/mdx/dist/index.d.ts","/home/ronnie/Harikar/harikar-website-astro/node_modules/@astrojs/vue/dist/index.d.ts","/home/ronnie/Harikar/harikar-website-astro/node_modules/@astrojs/sitemap/dist/index.d.ts","/home/ronnie/Harikar/harikar-website-astro/astro.config.mjs","/home/ronnie/Harikar/harikar-website-astro/node_modules/vue/dist/vue.d.ts"],"compilerOptions":{"module":1,"target":3,"jsx":1,"allowJs":true,"allowSyntheticDefaultImports":true,"allowNonTsExtensions":true,"noEmitForJsFiles":true},"typeAcquisition":{"enable":true,"include":[],"exclude":[]},"projectRootPath":"/home/ronnie/Harikar/harikar-website-astro","kind":"discover"}
[08:46:58.427] Explicitly included types: []
[08:46:58.429] Typing names in '/home/ronnie/Harikar/harikar-website-astro/package.json' dependencies: ["@astrojs/mdx","@astrojs/sitemap","@astrojs/vue","astro","open-props","vue"]
[08:46:58.430] Searching for typing names in /home/ronnie/Harikar/harikar-website-astro/node_modules; all files: ["/home/ronnie/Harikar/harikar-website-astro/node_modules/@astrojs/mdx/package.json","/home/ronnie/Harikar/harikar-website-astro/node_modules/@astrojs/sitemap/package.json","/home/ronnie/Harikar/harikar-website-astro/node_modules/@astrojs/vue/package.json","/home/ronnie/Harikar/harikar-website-astro/node_modules/astro/package.json","/home/ronnie/Harikar/harikar-website-astro/node_modules/open-props/package.json","/home/ronnie/Harikar/harikar-website-astro/node_modules/vue/package.json"]
[08:46:58.432]     Package '@astrojs/mdx' provides its own types.
[08:46:58.434]     Package '@astrojs/sitemap' provides its own types.
[08:46:58.437]     Package '@astrojs/vue' provides its own types.
[08:46:58.447]     Package 'astro' provides its own types.
[08:46:58.466]     Package 'vue' provides its own types.
[08:46:58.466]     Found package names: ["open-props"]
[08:46:58.467] Result: {"cachedTypingPaths":["/home/ronnie/Harikar/harikar-website-astro/node_modules/@astrojs/mdx/dist/index.d.ts","/home/ronnie/Harikar/harikar-website-astro/node_modules/@astrojs/sitemap/dist/index.d.ts","/home/ronnie/Harikar/harikar-website-astro/node_modules/@astrojs/vue/dist/index.d.ts","/home/ronnie/Harikar/harikar-website-astro/node_modules/astro/dist/@types/astro.d.ts","/home/ronnie/Harikar/harikar-website-astro/node_modules/vue/dist/vue.d.ts"],"newTypingNames":["open-props"],"filesToWatch":["/home/ronnie/Harikar/harikar-website-astro/bower_components","/home/ronnie/Harikar/harikar-website-astro/package.json","/home/ronnie/Harikar/harikar-website-astro/node_modules"]}
[08:46:58.467] Finished typings discovery: {"cachedTypingPaths":["/home/ronnie/Harikar/harikar-website-astro/node_modules/@astrojs/mdx/dist/index.d.ts","/home/ronnie/Harikar/harikar-website-astro/node_modules/@astrojs/sitemap/dist/index.d.ts","/home/ronnie/Harikar/harikar-website-astro/node_modules/@astrojs/vue/dist/index.d.ts","/home/ronnie/Harikar/harikar-website-astro/node_modules/astro/dist/@types/astro.d.ts","/home/ronnie/Harikar/harikar-website-astro/node_modules/vue/dist/vue.d.ts"],"newTypingNames":["open-props"],"filesToWatch":["/home/ronnie/Harikar/harikar-website-astro/bower_components","/home/ronnie/Harikar/harikar-website-astro/package.json","/home/ronnie/Harikar/harikar-website-astro/node_modules"]}
[08:46:58.467] Installing typings ["open-props"]
[08:46:58.468] 'open-props':: Entry for package 'open-props' does not exist in local types registry - skipping...
[08:46:58.468] All typings are known to be missing or invalid - no need to install more typings
[08:46:58.468] Sending response:
    {"projectName":"/dev/null/inferredProject1*","typeAcquisition":{"enable":true,"include":[],"exclude":[]},"compilerOptions":{"module":1,"target":3,"jsx":1,"allowJs":true,"allowSyntheticDefaultImports":true,"allowNonTsExtensions":true,"noEmitForJsFiles":true},"typings":["/home/ronnie/Harikar/harikar-website-astro/node_modules/@astrojs/mdx/dist/index.d.ts","/home/ronnie/Harikar/harikar-website-astro/node_modules/@astrojs/sitemap/dist/index.d.ts","/home/ronnie/Harikar/harikar-website-astro/node_modules/@astrojs/vue/dist/index.d.ts","/home/ronnie/Harikar/harikar-website-astro/node_modules/astro/dist/@types/astro.d.ts","/home/ronnie/Harikar/harikar-website-astro/node_modules/vue/dist/vue.d.ts"],"kind":"action::set"}
[08:46:58.468] Response has been sent.
[08:46:59.228] sysLog:: onTimerToUpdateChildWatches:: 2
[08:46:59.240] sysLog:: invokingWatchers:: Elapsed:: 11.394255000166595ms:: 0
[08:46:59.240] DirectoryWatcher:: Triggered with /home/ronnie/Harikar/harikar-website-astro/node_modules :: WatchInfo: /home/ronnie/Harikar/harikar-website-astro/node_modules 1 undefined Project: /dev/null/inferredProject1* watcher already invoked: false
[08:46:59.240] Elapsed:: 0.09201800031587481ms DirectoryWatcher:: Triggered with /home/ronnie/Harikar/harikar-website-astro/node_modules :: WatchInfo: /home/ronnie/Harikar/harikar-website-astro/node_modules 1 undefined Project: /dev/null/inferredProject1* watcher already invoked: false
[08:46:59.240] sysLog:: Elapsed:: 12.007054999936372ms:: onTimerToUpdateChildWatches:: 0 undefined
