Info 0    [08:38:06.856] Starting TS Server
Info 1    [08:38:06.857] Version: 4.7.3
Info 2    [08:38:06.857] Arguments: /home/ronnie/.fnm/node-versions/v16.14.2/installation/bin/node /home/ronnie/.fnm/node-versions/v16.14.2/installation/lib/node_modules/typescript/lib/tsserver.js --logFile /home/ronnie/Harikar/harikar-website-astro/.log/tsserver.log --logVerbosity info --cancellationPipeName /tmp/8cc7106749279c531324cc3944601241/tscancellation*
Info 3    [08:38:06.857] Platform: linux NodeVersion: 16 CaseSensitive: true
Info 4    [08:38:06.857] ServerMode: undefined syntaxOnly: false hasUnknownServerMode: undefined
Info 5    [08:38:06.870] Format host information updated
Info 6    [08:38:06.877] Search path: /home/ronnie/Harikar/harikar-website-astro
Info 7    [08:38:06.878] For info: /home/ronnie/Harikar/harikar-website-astro/astro.config.mjs :: Config file name: /home/ronnie/Harikar/harikar-website-astro/tsconfig.json
Info 8    [08:38:06.878] Creating configuration project /home/ronnie/Harikar/harikar-website-astro/tsconfig.json
Info 9    [08:38:06.901] Config: /home/ronnie/Harikar/harikar-website-astro/tsconfig.json : {
 "rootNames": [
  "/home/ronnie/Harikar/harikar-website-astro/src/env.d.ts"
 ],
 "options": {
  "target": 99,
  "module": 99,
  "moduleResolution": 2,
  "resolveJsonModule": true,
  "isolatedModules": true,
  "noEmit": true,
  "forceConsistentCasingInFileNames": true,
  "esModuleInterop": true,
  "configFilePath": "/home/ronnie/Harikar/harikar-website-astro/tsconfig.json"
 }
}
Info 10   [08:38:07.058] Starting updateGraphWorker: Project: /home/ronnie/Harikar/harikar-website-astro/tsconfig.json
Info 11   [08:38:09.509] Finishing updateGraphWorker: Project: /home/ronnie/Harikar/harikar-website-astro/tsconfig.json Version: 1 structureChanged: true structureIsReused:: Not Elapsed: 2450.414395000087ms
Info 12   [08:38:09.509] Project '/home/ronnie/Harikar/harikar-website-astro/tsconfig.json' (Configured)
Info 13   [08:38:09.509] 	Files (145)

Info 14   [08:38:09.509] -----------------------------------------------
Info 15   [08:38:09.513] Starting updateGraphWorker: Project: /dev/null/inferredProject1*
Info 16   [08:38:10.888] Finishing updateGraphWorker: Project: /dev/null/inferredProject1* Version: 1 structureChanged: true structureIsReused:: Not Elapsed: 1374.6418930001091ms
Info 17   [08:38:10.888] Project '/dev/null/inferredProject1*' (Inferred)
Info 18   [08:38:10.888] 	Files (334)

Info 19   [08:38:10.888] -----------------------------------------------
Info 20   [08:38:10.900] AutoImportProviderProject: found 1 root files in 1 dependencies in 8.786192999919876 ms
Info 21   [08:38:10.901] Starting updateGraphWorker: Project: /dev/null/autoImportProviderProject1*
Info 22   [08:38:11.119] Finishing updateGraphWorker: Project: /dev/null/autoImportProviderProject1* Version: 1 structureChanged: true structureIsReused:: Not Elapsed: 217.87041600001976ms
Info 23   [08:38:11.119] Project '/dev/null/autoImportProviderProject1*' (AutoImportProvider)
Info 24   [08:38:11.119] 	Files (11)

Info 25   [08:38:11.119] -----------------------------------------------
Info 26   [08:38:11.526] Starting updateGraphWorker: Project: /dev/null/inferredProject1*
Info 27   [08:38:11.633] Finishing updateGraphWorker: Project: /dev/null/inferredProject1* Version: 2 structureChanged: true structureIsReused:: Not Elapsed: 107.12341700005345ms
Info 28   [08:38:11.633] Project '/dev/null/inferredProject1*' (Inferred)
Info 29   [08:38:11.633] 	Files (340)

Info 30   [08:38:11.633] -----------------------------------------------
Info 31   [08:38:11.633] Project '/dev/null/autoImportProviderProject1*' (AutoImportProvider)
Info 32   [08:38:11.633] 	Files (11)

Info 33   [08:38:11.633] -----------------------------------------------
Info 34   [08:38:12.177] DirectoryWatcher:: Triggered with /home/ronnie/Harikar/harikar-website-astro/.log/ti-6960.log 0:: WatchInfo: /home/ronnie/Harikar/harikar-website-astro 1 undefined Config: /home/ronnie/Harikar/harikar-website-astro/tsconfig.json WatchType: Wild card directory
Info 35   [08:38:12.178] Project: /home/ronnie/Harikar/harikar-website-astro/tsconfig.json Detected file add/remove of non supported extension: /home/ronnie/Harikar/harikar-website-astro/.log/ti-6960.log
Info 36   [08:38:12.178] Elapsed:: 0.49140800000168383ms DirectoryWatcher:: Triggered with /home/ronnie/Harikar/harikar-website-astro/.log/ti-6960.log 0:: WatchInfo: /home/ronnie/Harikar/harikar-website-astro 1 undefined Config: /home/ronnie/Harikar/harikar-website-astro/tsconfig.json WatchType: Wild card directory
Info 37   [08:38:13.776] Before ensureProjectForOpenFiles:
Info 38   [08:38:13.776] After ensureProjectForOpenFiles:
Info 39   [08:38:13.777] got projects updated in background, updating diagnostics for /home/ronnie/Harikar/harikar-website-astro/astro.config.mjs
Info 40   [08:46:59.241] DirectoryWatcher:: Triggered with /home/ronnie/Harikar/harikar-website-astro :: WatchInfo: /home/ronnie/Harikar/harikar-website-astro 1 undefined Config: /home/ronnie/Harikar/harikar-website-astro/tsconfig.json WatchType: Wild card directory
Info 41   [08:46:59.242] Elapsed:: 0.31040599988773465ms DirectoryWatcher:: Triggered with /home/ronnie/Harikar/harikar-website-astro :: WatchInfo: /home/ronnie/Harikar/harikar-website-astro 1 undefined Config: /home/ronnie/Harikar/harikar-website-astro/tsconfig.json WatchType: Wild card directory
Info 42   [08:46:59.242] DirectoryWatcher:: Triggered with /home/ronnie/Harikar/harikar-website-astro/node_modules :: WatchInfo: /home/ronnie/Harikar/harikar-website-astro/node_modules 1 undefined WatchType: node_modules for closed script infos and package.jsons affecting module specifier cache
Info 43   [08:46:59.246] Elapsed:: 4.2845580000430346ms DirectoryWatcher:: Triggered with /home/ronnie/Harikar/harikar-website-astro/node_modules :: WatchInfo: /home/ronnie/Harikar/harikar-website-astro/node_modules 1 undefined WatchType: node_modules for closed script infos and package.jsons affecting module specifier cache
Info 44   [08:46:59.246] DirectoryWatcher:: Triggered with /home/ronnie/Harikar/harikar-website-astro/node_modules :: WatchInfo: /home/ronnie/Harikar/harikar-website-astro/node_modules 1 undefined Project: /home/ronnie/Harikar/harikar-website-astro/tsconfig.json WatchType: Failed Lookup Locations
Info 45   [08:46:59.247] Elapsed:: 0.4339220002293587ms DirectoryWatcher:: Triggered with /home/ronnie/Harikar/harikar-website-astro/node_modules :: WatchInfo: /home/ronnie/Harikar/harikar-website-astro/node_modules 1 undefined Project: /home/ronnie/Harikar/harikar-website-astro/tsconfig.json WatchType: Failed Lookup Locations
Info 46   [08:46:59.247] DirectoryWatcher:: Triggered with /home/ronnie/Harikar/harikar-website-astro/node_modules :: WatchInfo: /home/ronnie/Harikar/harikar-website-astro/node_modules 1 undefined Project: /dev/null/autoImportProviderProject1* WatchType: Failed Lookup Locations
Info 47   [08:46:59.247] Elapsed:: 0.02742200018838048ms DirectoryWatcher:: Triggered with /home/ronnie/Harikar/harikar-website-astro/node_modules :: WatchInfo: /home/ronnie/Harikar/harikar-website-astro/node_modules 1 undefined Project: /dev/null/autoImportProviderProject1* WatchType: Failed Lookup Locations
Info 48   [08:46:59.513] Starting updateGraphWorker: Project: /home/ronnie/Harikar/harikar-website-astro/tsconfig.json
Info 49   [08:46:59.596] Finishing updateGraphWorker: Project: /home/ronnie/Harikar/harikar-website-astro/tsconfig.json Version: 2 structureChanged: true structureIsReused:: SafeModules Elapsed: 82.91838799975812ms
Info 50   [08:46:59.596] Different program with same set of files
Info 51   [08:46:59.736] FileWatcher:: Triggered with /home/ronnie/Harikar/harikar-website-astro/package.json 1:: WatchInfo: /home/ronnie/Harikar/harikar-website-astro/package.json 250 undefined WatchType: package.json file
Info 52   [08:46:59.737] Elapsed:: 0.9766299999319017ms FileWatcher:: Triggered with /home/ronnie/Harikar/harikar-website-astro/package.json 1:: WatchInfo: /home/ronnie/Harikar/harikar-website-astro/package.json 250 undefined WatchType: package.json file
Info 53   [08:48:43.441] DirectoryWatcher:: Triggered with /home/ronnie/Harikar/harikar-website-astro/astro.config.mjs 0:: WatchInfo: /home/ronnie/Harikar/harikar-website-astro 1 undefined Config: /home/ronnie/Harikar/harikar-website-astro/tsconfig.json WatchType: Wild card directory
Info 54   [08:48:43.442] Project: /home/ronnie/Harikar/harikar-website-astro/tsconfig.json Detected file add/remove of non supported extension: /home/ronnie/Harikar/harikar-website-astro/astro.config.mjs
Info 55   [08:48:43.442] Elapsed:: 1.445554000325501ms DirectoryWatcher:: Triggered with /home/ronnie/Harikar/harikar-website-astro/astro.config.mjs 0:: WatchInfo: /home/ronnie/Harikar/harikar-website-astro 1 undefined Config: /home/ronnie/Harikar/harikar-website-astro/tsconfig.json WatchType: Wild card directory
Info 56   [08:48:43.443] DirectoryWatcher:: Triggered with /home/ronnie/Harikar/harikar-website-astro/astro.config.mjs 1:: WatchInfo: /home/ronnie/Harikar/harikar-website-astro 1 undefined Config: /home/ronnie/Harikar/harikar-website-astro/tsconfig.json WatchType: Wild card directory
Info 57   [08:48:43.443] Project: /home/ronnie/Harikar/harikar-website-astro/tsconfig.json Detected file add/remove of non supported extension: /home/ronnie/Harikar/harikar-website-astro/astro.config.mjs
Info 58   [08:48:43.443] Elapsed:: 0.48342599999159575ms DirectoryWatcher:: Triggered with /home/ronnie/Harikar/harikar-website-astro/astro.config.mjs 1:: WatchInfo: /home/ronnie/Harikar/harikar-website-astro 1 undefined Config: /home/ronnie/Harikar/harikar-website-astro/tsconfig.json WatchType: Wild card directory
Info 59   [08:48:43.867] FileWatcher:: Triggered with /home/ronnie/Harikar/harikar-website-astro/astro.config.mjs 1:: WatchInfo: /home/ronnie/Harikar/harikar-website-astro/astro.config.mjs 500 undefined WatchType: Closed Script info
Info 60   [08:48:43.869] Elapsed:: 1.064894000068307ms FileWatcher:: Triggered with /home/ronnie/Harikar/harikar-website-astro/astro.config.mjs 1:: WatchInfo: /home/ronnie/Harikar/harikar-website-astro/astro.config.mjs 500 undefined WatchType: Closed Script info
Info 61   [08:49:09.896] FileWatcher:: Triggered with /home/ronnie/Harikar/harikar-website-astro/astro.config.mjs 1:: WatchInfo: /home/ronnie/Harikar/harikar-website-astro/astro.config.mjs 500 undefined WatchType: Closed Script info
Info 62   [08:49:09.896] Elapsed:: 0.14692099997773767ms FileWatcher:: Triggered with /home/ronnie/Harikar/harikar-website-astro/astro.config.mjs 1:: WatchInfo: /home/ronnie/Harikar/harikar-website-astro/astro.config.mjs 500 undefined WatchType: Closed Script info
Info 63   [08:49:53.782] DirectoryWatcher:: Triggered with /home/ronnie/Harikar/harikar-website-astro/src/components/Card.astro 0:: WatchInfo: /home/ronnie/Harikar/harikar-website-astro 1 undefined Config: /home/ronnie/Harikar/harikar-website-astro/tsconfig.json WatchType: Wild card directory
Info 64   [08:49:53.783] Project: /home/ronnie/Harikar/harikar-website-astro/tsconfig.json Detected file add/remove of non supported extension: /home/ronnie/Harikar/harikar-website-astro/src/components/Card.astro
Info 65   [08:49:53.783] Elapsed:: 1.276053000241518ms DirectoryWatcher:: Triggered with /home/ronnie/Harikar/harikar-website-astro/src/components/Card.astro 0:: WatchInfo: /home/ronnie/Harikar/harikar-website-astro 1 undefined Config: /home/ronnie/Harikar/harikar-website-astro/tsconfig.json WatchType: Wild card directory
Info 66   [08:49:53.783] DirectoryWatcher:: Triggered with /home/ronnie/Harikar/harikar-website-astro/src/components/Card.astro 0:: WatchInfo: /home/ronnie/Harikar/harikar-website-astro/src 1 undefined Project: /home/ronnie/Harikar/harikar-website-astro/tsconfig.json WatchType: Failed Lookup Locations
Info 67   [08:49:53.784] Elapsed:: 0.6966350004076958ms DirectoryWatcher:: Triggered with /home/ronnie/Harikar/harikar-website-astro/src/components/Card.astro 0:: WatchInfo: /home/ronnie/Harikar/harikar-website-astro/src 1 undefined Project: /home/ronnie/Harikar/harikar-website-astro/tsconfig.json WatchType: Failed Lookup Locations
Info 68   [08:49:59.034] DirectoryWatcher:: Triggered with /home/ronnie/Harikar/harikar-website-astro/src/layouts/Layout.astro 0:: WatchInfo: /home/ronnie/Harikar/harikar-website-astro 1 undefined Config: /home/ronnie/Harikar/harikar-website-astro/tsconfig.json WatchType: Wild card directory
Info 69   [08:49:59.035] Project: /home/ronnie/Harikar/harikar-website-astro/tsconfig.json Detected file add/remove of non supported extension: /home/ronnie/Harikar/harikar-website-astro/src/layouts/Layout.astro
Info 70   [08:49:59.035] Elapsed:: 0.48288000002503395ms DirectoryWatcher:: Triggered with /home/ronnie/Harikar/harikar-website-astro/src/layouts/Layout.astro 0:: WatchInfo: /home/ronnie/Harikar/harikar-website-astro 1 undefined Config: /home/ronnie/Harikar/harikar-website-astro/tsconfig.json WatchType: Wild card directory
Info 71   [08:49:59.035] DirectoryWatcher:: Triggered with /home/ronnie/Harikar/harikar-website-astro/src/layouts/Layout.astro 0:: WatchInfo: /home/ronnie/Harikar/harikar-website-astro/src 1 undefined Project: /home/ronnie/Harikar/harikar-website-astro/tsconfig.json WatchType: Failed Lookup Locations
Info 72   [08:49:59.036] Elapsed:: 0.18069599987939ms DirectoryWatcher:: Triggered with /home/ronnie/Harikar/harikar-website-astro/src/layouts/Layout.astro 0:: WatchInfo: /home/ronnie/Harikar/harikar-website-astro/src 1 undefined Project: /home/ronnie/Harikar/harikar-website-astro/tsconfig.json WatchType: Failed Lookup Locations
Info 73   [08:50:27.886] DirectoryWatcher:: Triggered with /home/ronnie/Harikar/harikar-website-astro/src/pages/index.astro 0:: WatchInfo: /home/ronnie/Harikar/harikar-website-astro 1 undefined Config: /home/ronnie/Harikar/harikar-website-astro/tsconfig.json WatchType: Wild card directory
Info 74   [08:50:27.886] Project: /home/ronnie/Harikar/harikar-website-astro/tsconfig.json Detected file add/remove of non supported extension: /home/ronnie/Harikar/harikar-website-astro/src/pages/index.astro
Info 75   [08:50:27.886] Elapsed:: 0.2072720001451671ms DirectoryWatcher:: Triggered with /home/ronnie/Harikar/harikar-website-astro/src/pages/index.astro 0:: WatchInfo: /home/ronnie/Harikar/harikar-website-astro 1 undefined Config: /home/ronnie/Harikar/harikar-website-astro/tsconfig.json WatchType: Wild card directory
Info 76   [08:50:27.886] DirectoryWatcher:: Triggered with /home/ronnie/Harikar/harikar-website-astro/src/pages/index.astro 1:: WatchInfo: /home/ronnie/Harikar/harikar-website-astro 1 undefined Config: /home/ronnie/Harikar/harikar-website-astro/tsconfig.json WatchType: Wild card directory
Info 77   [08:50:27.887] Project: /home/ronnie/Harikar/harikar-website-astro/tsconfig.json Detected file add/remove of non supported extension: /home/ronnie/Harikar/harikar-website-astro/src/pages/index.astro
Info 78   [08:50:27.887] Elapsed:: 0.12074899999424815ms DirectoryWatcher:: Triggered with /home/ronnie/Harikar/harikar-website-astro/src/pages/index.astro 1:: WatchInfo: /home/ronnie/Harikar/harikar-website-astro 1 undefined Config: /home/ronnie/Harikar/harikar-website-astro/tsconfig.json WatchType: Wild card directory
Info 79   [08:50:27.887] DirectoryWatcher:: Triggered with /home/ronnie/Harikar/harikar-website-astro/src/pages/index.astro 0:: WatchInfo: /home/ronnie/Harikar/harikar-website-astro/src 1 undefined Project: /home/ronnie/Harikar/harikar-website-astro/tsconfig.json WatchType: Failed Lookup Locations
Info 80   [08:50:27.887] Elapsed:: 0.0627480000257492ms DirectoryWatcher:: Triggered with /home/ronnie/Harikar/harikar-website-astro/src/pages/index.astro 0:: WatchInfo: /home/ronnie/Harikar/harikar-website-astro/src 1 undefined Project: /home/ronnie/Harikar/harikar-website-astro/tsconfig.json WatchType: Failed Lookup Locations
Info 81   [08:50:27.887] DirectoryWatcher:: Triggered with /home/ronnie/Harikar/harikar-website-astro/src/pages/index.astro 1:: WatchInfo: /home/ronnie/Harikar/harikar-website-astro/src 1 undefined Project: /home/ronnie/Harikar/harikar-website-astro/tsconfig.json WatchType: Failed Lookup Locations
Info 82   [08:50:27.887] Elapsed:: 0.1926840003579855ms DirectoryWatcher:: Triggered with /home/ronnie/Harikar/harikar-website-astro/src/pages/index.astro 1:: WatchInfo: /home/ronnie/Harikar/harikar-website-astro/src 1 undefined Project: /home/ronnie/Harikar/harikar-website-astro/tsconfig.json WatchType: Failed Lookup Locations
Info 83   [08:57:24.485] DirectoryWatcher:: Triggered with /home/ronnie/Harikar/harikar-website-astro/src/layouts/main-layout.astro 0:: WatchInfo: /home/ronnie/Harikar/harikar-website-astro 1 undefined Config: /home/ronnie/Harikar/harikar-website-astro/tsconfig.json WatchType: Wild card directory
Info 84   [08:57:24.486] Project: /home/ronnie/Harikar/harikar-website-astro/tsconfig.json Detected file add/remove of non supported extension: /home/ronnie/Harikar/harikar-website-astro/src/layouts/main-layout.astro
Info 85   [08:57:24.486] Elapsed:: 0.656340999994427ms DirectoryWatcher:: Triggered with /home/ronnie/Harikar/harikar-website-astro/src/layouts/main-layout.astro 0:: WatchInfo: /home/ronnie/Harikar/harikar-website-astro 1 undefined Config: /home/ronnie/Harikar/harikar-website-astro/tsconfig.json WatchType: Wild card directory
Info 86   [08:57:24.486] DirectoryWatcher:: Triggered with /home/ronnie/Harikar/harikar-website-astro/src/layouts/main-layout.astro 0:: WatchInfo: /home/ronnie/Harikar/harikar-website-astro/src 1 undefined Project: /home/ronnie/Harikar/harikar-website-astro/tsconfig.json WatchType: Failed Lookup Locations
Info 87   [08:57:24.487] Elapsed:: 0.34878400014713407ms DirectoryWatcher:: Triggered with /home/ronnie/Harikar/harikar-website-astro/src/layouts/main-layout.astro 0:: WatchInfo: /home/ronnie/Harikar/harikar-website-astro/src 1 undefined Project: /home/ronnie/Harikar/harikar-website-astro/tsconfig.json WatchType: Failed Lookup Locations
Info 88   [08:58:22.542] DirectoryWatcher:: Triggered with /home/ronnie/Harikar/harikar-website-astro :: WatchInfo: /home/ronnie/Harikar/harikar-website-astro 1 undefined Config: /home/ronnie/Harikar/harikar-website-astro/tsconfig.json WatchType: Wild card directory
Info 89   [08:58:22.542] Elapsed:: 0.15373999997973442ms DirectoryWatcher:: Triggered with /home/ronnie/Harikar/harikar-website-astro :: WatchInfo: /home/ronnie/Harikar/harikar-website-astro 1 undefined Config: /home/ronnie/Harikar/harikar-website-astro/tsconfig.json WatchType: Wild card directory
Info 90   [08:58:22.542] DirectoryWatcher:: Triggered with /home/ronnie/Harikar/harikar-website-astro/src :: WatchInfo: /home/ronnie/Harikar/harikar-website-astro/src 1 undefined Project: /home/ronnie/Harikar/harikar-website-astro/tsconfig.json WatchType: Failed Lookup Locations
Info 91   [08:58:22.543] Elapsed:: 0.1839160001836717ms DirectoryWatcher:: Triggered with /home/ronnie/Harikar/harikar-website-astro/src :: WatchInfo: /home/ronnie/Harikar/harikar-website-astro/src 1 undefined Project: /home/ronnie/Harikar/harikar-website-astro/tsconfig.json WatchType: Failed Lookup Locations
Info 92   [08:58:22.798] Starting updateGraphWorker: Project: /home/ronnie/Harikar/harikar-website-astro/tsconfig.json
Info 93   [08:58:22.881] Finishing updateGraphWorker: Project: /home/ronnie/Harikar/harikar-website-astro/tsconfig.json Version: 3 structureChanged: true structureIsReused:: SafeModules Elapsed: 82.86004699999467ms
Info 94   [08:58:22.881] Different program with same set of files
Info 95   [08:59:59.983] DirectoryWatcher:: Triggered with /home/ronnie/Harikar/harikar-website-astro/src/layouts/main-layout.astro 0:: WatchInfo: /home/ronnie/Harikar/harikar-website-astro 1 undefined Config: /home/ronnie/Harikar/harikar-website-astro/tsconfig.json WatchType: Wild card directory
Info 96   [08:59:59.983] Project: /home/ronnie/Harikar/harikar-website-astro/tsconfig.json Detected file add/remove of non supported extension: /home/ronnie/Harikar/harikar-website-astro/src/layouts/main-layout.astro
Info 97   [08:59:59.983] Elapsed:: 0.153611000161618ms DirectoryWatcher:: Triggered with /home/ronnie/Harikar/harikar-website-astro/src/layouts/main-layout.astro 0:: WatchInfo: /home/ronnie/Harikar/harikar-website-astro 1 undefined Config: /home/ronnie/Harikar/harikar-website-astro/tsconfig.json WatchType: Wild card directory
Info 98   [08:59:59.983] DirectoryWatcher:: Triggered with /home/ronnie/Harikar/harikar-website-astro/src/layouts/main-layout.astro 1:: WatchInfo: /home/ronnie/Harikar/harikar-website-astro 1 undefined Config: /home/ronnie/Harikar/harikar-website-astro/tsconfig.json WatchType: Wild card directory
Info 99   [08:59:59.983] Project: /home/ronnie/Harikar/harikar-website-astro/tsconfig.json Detected file add/remove of non supported extension: /home/ronnie/Harikar/harikar-website-astro/src/layouts/main-layout.astro
Info 100  [08:59:59.984] Elapsed:: 0.09951299987733364ms DirectoryWatcher:: Triggered with /home/ronnie/Harikar/harikar-website-astro/src/layouts/main-layout.astro 1:: WatchInfo: /home/ronnie/Harikar/harikar-website-astro 1 undefined Config: /home/ronnie/Harikar/harikar-website-astro/tsconfig.json WatchType: Wild card directory
Info 101  [08:59:59.984] DirectoryWatcher:: Triggered with /home/ronnie/Harikar/harikar-website-astro/src/layouts/main-layout.astro 0:: WatchInfo: /home/ronnie/Harikar/harikar-website-astro/src 1 undefined Project: /home/ronnie/Harikar/harikar-website-astro/tsconfig.json WatchType: Failed Lookup Locations
Info 102  [08:59:59.984] Elapsed:: 0.05227999994531274ms DirectoryWatcher:: Triggered with /home/ronnie/Harikar/harikar-website-astro/src/layouts/main-layout.astro 0:: WatchInfo: /home/ronnie/Harikar/harikar-website-astro/src 1 undefined Project: /home/ronnie/Harikar/harikar-website-astro/tsconfig.json WatchType: Failed Lookup Locations
Info 103  [08:59:59.984] DirectoryWatcher:: Triggered with /home/ronnie/Harikar/harikar-website-astro/src/layouts/main-layout.astro 1:: WatchInfo: /home/ronnie/Harikar/harikar-website-astro/src 1 undefined Project: /home/ronnie/Harikar/harikar-website-astro/tsconfig.json WatchType: Failed Lookup Locations
Info 104  [08:59:59.984] Elapsed:: 0.041708999779075384ms DirectoryWatcher:: Triggered with /home/ronnie/Harikar/harikar-website-astro/src/layouts/main-layout.astro 1:: WatchInfo: /home/ronnie/Harikar/harikar-website-astro/src 1 undefined Project: /home/ronnie/Harikar/harikar-website-astro/tsconfig.json WatchType: Failed Lookup Locations
Info 105  [09:01:27.120] DirectoryWatcher:: Triggered with /home/ronnie/Harikar/harikar-website-astro :: WatchInfo: /home/ronnie/Harikar/harikar-website-astro 1 undefined Config: /home/ronnie/Harikar/harikar-website-astro/tsconfig.json WatchType: Wild card directory
Info 106  [09:01:27.120] Elapsed:: 0.08404199965298176ms DirectoryWatcher:: Triggered with /home/ronnie/Harikar/harikar-website-astro :: WatchInfo: /home/ronnie/Harikar/harikar-website-astro 1 undefined Config: /home/ronnie/Harikar/harikar-website-astro/tsconfig.json WatchType: Wild card directory
Info 107  [09:01:27.120] DirectoryWatcher:: Triggered with /home/ronnie/Harikar/harikar-website-astro/src :: WatchInfo: /home/ronnie/Harikar/harikar-website-astro/src 1 undefined Project: /home/ronnie/Harikar/harikar-website-astro/tsconfig.json WatchType: Failed Lookup Locations
Info 108  [09:01:27.120] Elapsed:: 0.030269999988377094ms DirectoryWatcher:: Triggered with /home/ronnie/Harikar/harikar-website-astro/src :: WatchInfo: /home/ronnie/Harikar/harikar-website-astro/src 1 undefined Project: /home/ronnie/Harikar/harikar-website-astro/tsconfig.json WatchType: Failed Lookup Locations
Info 109  [09:01:27.373] Starting updateGraphWorker: Project: /home/ronnie/Harikar/harikar-website-astro/tsconfig.json
Info 110  [09:01:27.421] Finishing updateGraphWorker: Project: /home/ronnie/Harikar/harikar-website-astro/tsconfig.json Version: 4 structureChanged: true structureIsReused:: SafeModules Elapsed: 47.5231639998965ms
Info 111  [09:01:27.421] Different program with same set of files
Info 112  [09:05:25.654] DirectoryWatcher:: Triggered with /home/ronnie/Harikar/harikar-website-astro/src/pages/index.astro 0:: WatchInfo: /home/ronnie/Harikar/harikar-website-astro 1 undefined Config: /home/ronnie/Harikar/harikar-website-astro/tsconfig.json WatchType: Wild card directory
Info 113  [09:05:25.655] Project: /home/ronnie/Harikar/harikar-website-astro/tsconfig.json Detected file add/remove of non supported extension: /home/ronnie/Harikar/harikar-website-astro/src/pages/index.astro
Info 114  [09:05:25.655] Elapsed:: 0.5357139999978244ms DirectoryWatcher:: Triggered with /home/ronnie/Harikar/harikar-website-astro/src/pages/index.astro 0:: WatchInfo: /home/ronnie/Harikar/harikar-website-astro 1 undefined Config: /home/ronnie/Harikar/harikar-website-astro/tsconfig.json WatchType: Wild card directory
Info 115  [09:05:25.655] DirectoryWatcher:: Triggered with /home/ronnie/Harikar/harikar-website-astro/src/pages/index.astro 1:: WatchInfo: /home/ronnie/Harikar/harikar-website-astro 1 undefined Config: /home/ronnie/Harikar/harikar-website-astro/tsconfig.json WatchType: Wild card directory
Info 116  [09:05:25.655] Project: /home/ronnie/Harikar/harikar-website-astro/tsconfig.json Detected file add/remove of non supported extension: /home/ronnie/Harikar/harikar-website-astro/src/pages/index.astro
Info 117  [09:05:25.656] Elapsed:: 0.5364479999989271ms DirectoryWatcher:: Triggered with /home/ronnie/Harikar/harikar-website-astro/src/pages/index.astro 1:: WatchInfo: /home/ronnie/Harikar/harikar-website-astro 1 undefined Config: /home/ronnie/Harikar/harikar-website-astro/tsconfig.json WatchType: Wild card directory
Info 118  [09:05:25.656] DirectoryWatcher:: Triggered with /home/ronnie/Harikar/harikar-website-astro/src/pages/index.astro 0:: WatchInfo: /home/ronnie/Harikar/harikar-website-astro/src 1 undefined Project: /home/ronnie/Harikar/harikar-website-astro/tsconfig.json WatchType: Failed Lookup Locations
Info 119  [09:05:25.656] Elapsed:: 0.13455699989572167ms DirectoryWatcher:: Triggered with /home/ronnie/Harikar/harikar-website-astro/src/pages/index.astro 0:: WatchInfo: /home/ronnie/Harikar/harikar-website-astro/src 1 undefined Project: /home/ronnie/Harikar/harikar-website-astro/tsconfig.json WatchType: Failed Lookup Locations
Info 120  [09:05:25.656] DirectoryWatcher:: Triggered with /home/ronnie/Harikar/harikar-website-astro/src/pages/index.astro 1:: WatchInfo: /home/ronnie/Harikar/harikar-website-astro/src 1 undefined Project: /home/ronnie/Harikar/harikar-website-astro/tsconfig.json WatchType: Failed Lookup Locations
Info 121  [09:05:25.656] Elapsed:: 0.0889309998601675ms DirectoryWatcher:: Triggered with /home/ronnie/Harikar/harikar-website-astro/src/pages/index.astro 1:: WatchInfo: /home/ronnie/Harikar/harikar-website-astro/src 1 undefined Project: /home/ronnie/Harikar/harikar-website-astro/tsconfig.json WatchType: Failed Lookup Locations
Info 122  [09:05:53.073] DirectoryWatcher:: Triggered with /home/ronnie/Harikar/harikar-website-astro :: WatchInfo: /home/ronnie/Harikar/harikar-website-astro 1 undefined Config: /home/ronnie/Harikar/harikar-website-astro/tsconfig.json WatchType: Wild card directory
Info 123  [09:05:53.074] Elapsed:: 0.5791480001062155ms DirectoryWatcher:: Triggered with /home/ronnie/Harikar/harikar-website-astro :: WatchInfo: /home/ronnie/Harikar/harikar-website-astro 1 undefined Config: /home/ronnie/Harikar/harikar-website-astro/tsconfig.json WatchType: Wild card directory
Info 124  [09:05:53.074] DirectoryWatcher:: Triggered with /home/ronnie/Harikar/harikar-website-astro/src :: WatchInfo: /home/ronnie/Harikar/harikar-website-astro/src 1 undefined Project: /home/ronnie/Harikar/harikar-website-astro/tsconfig.json WatchType: Failed Lookup Locations
Info 125  [09:05:53.075] Elapsed:: 0.14063700009137392ms DirectoryWatcher:: Triggered with /home/ronnie/Harikar/harikar-website-astro/src :: WatchInfo: /home/ronnie/Harikar/harikar-website-astro/src 1 undefined Project: /home/ronnie/Harikar/harikar-website-astro/tsconfig.json WatchType: Failed Lookup Locations
Info 126  [09:05:53.342] Starting updateGraphWorker: Project: /home/ronnie/Harikar/harikar-website-astro/tsconfig.json
Info 127  [09:05:53.407] Finishing updateGraphWorker: Project: /home/ronnie/Harikar/harikar-website-astro/tsconfig.json Version: 5 structureChanged: true structureIsReused:: SafeModules Elapsed: 65.20388599997386ms
Info 128  [09:05:53.407] Different program with same set of files
Info 129  [09:09:13.590] DirectoryWatcher:: Triggered with /home/ronnie/Harikar/harikar-website-astro/src/layouts/main-layout.astro 0:: WatchInfo: /home/ronnie/Harikar/harikar-website-astro 1 undefined Config: /home/ronnie/Harikar/harikar-website-astro/tsconfig.json WatchType: Wild card directory
Info 130  [09:09:13.591] Project: /home/ronnie/Harikar/harikar-website-astro/tsconfig.json Detected file add/remove of non supported extension: /home/ronnie/Harikar/harikar-website-astro/src/layouts/main-layout.astro
Info 131  [09:09:13.591] Elapsed:: 0.5340450000949204ms DirectoryWatcher:: Triggered with /home/ronnie/Harikar/harikar-website-astro/src/layouts/main-layout.astro 0:: WatchInfo: /home/ronnie/Harikar/harikar-website-astro 1 undefined Config: /home/ronnie/Harikar/harikar-website-astro/tsconfig.json WatchType: Wild card directory
Info 132  [09:09:13.591] DirectoryWatcher:: Triggered with /home/ronnie/Harikar/harikar-website-astro/src/layouts/main-layout.astro 1:: WatchInfo: /home/ronnie/Harikar/harikar-website-astro 1 undefined Config: /home/ronnie/Harikar/harikar-website-astro/tsconfig.json WatchType: Wild card directory
Info 133  [09:09:13.591] Project: /home/ronnie/Harikar/harikar-website-astro/tsconfig.json Detected file add/remove of non supported extension: /home/ronnie/Harikar/harikar-website-astro/src/layouts/main-layout.astro
Info 134  [09:09:13.592] Elapsed:: 0.2564090001396835ms DirectoryWatcher:: Triggered with /home/ronnie/Harikar/harikar-website-astro/src/layouts/main-layout.astro 1:: WatchInfo: /home/ronnie/Harikar/harikar-website-astro 1 undefined Config: /home/ronnie/Harikar/harikar-website-astro/tsconfig.json WatchType: Wild card directory
Info 135  [09:09:13.592] DirectoryWatcher:: Triggered with /home/ronnie/Harikar/harikar-website-astro/src/layouts/main-layout.astro 0:: WatchInfo: /home/ronnie/Harikar/harikar-website-astro/src 1 undefined Project: /home/ronnie/Harikar/harikar-website-astro/tsconfig.json WatchType: Failed Lookup Locations
Info 136  [09:09:13.592] Elapsed:: 0.21317300014197826ms DirectoryWatcher:: Triggered with /home/ronnie/Harikar/harikar-website-astro/src/layouts/main-layout.astro 0:: WatchInfo: /home/ronnie/Harikar/harikar-website-astro/src 1 undefined Project: /home/ronnie/Harikar/harikar-website-astro/tsconfig.json WatchType: Failed Lookup Locations
Info 137  [09:09:13.592] DirectoryWatcher:: Triggered with /home/ronnie/Harikar/harikar-website-astro/src/layouts/main-layout.astro 1:: WatchInfo: /home/ronnie/Harikar/harikar-website-astro/src 1 undefined Project: /home/ronnie/Harikar/harikar-website-astro/tsconfig.json WatchType: Failed Lookup Locations
Info 138  [09:09:13.592] Elapsed:: 0.11904100002720952ms DirectoryWatcher:: Triggered with /home/ronnie/Harikar/harikar-website-astro/src/layouts/main-layout.astro 1:: WatchInfo: /home/ronnie/Harikar/harikar-website-astro/src 1 undefined Project: /home/ronnie/Harikar/harikar-website-astro/tsconfig.json WatchType: Failed Lookup Locations
Info 139  [09:19:33.325] DirectoryWatcher:: Triggered with /home/ronnie/Harikar/harikar-website-astro/src/components/Buttons :: WatchInfo: /home/ronnie/Harikar/harikar-website-astro 1 undefined Config: /home/ronnie/Harikar/harikar-website-astro/tsconfig.json WatchType: Wild card directory
Info 140  [09:19:33.326] Elapsed:: 0.6807420002296567ms DirectoryWatcher:: Triggered with /home/ronnie/Harikar/harikar-website-astro/src/components/Buttons :: WatchInfo: /home/ronnie/Harikar/harikar-website-astro 1 undefined Config: /home/ronnie/Harikar/harikar-website-astro/tsconfig.json WatchType: Wild card directory
Info 141  [09:19:33.326] DirectoryWatcher:: Triggered with /home/ronnie/Harikar/harikar-website-astro/src/components/Buttons :: WatchInfo: /home/ronnie/Harikar/harikar-website-astro/src 1 undefined Project: /home/ronnie/Harikar/harikar-website-astro/tsconfig.json WatchType: Failed Lookup Locations
Info 142  [09:19:33.326] Elapsed:: 0.08764899987727404ms DirectoryWatcher:: Triggered with /home/ronnie/Harikar/harikar-website-astro/src/components/Buttons :: WatchInfo: /home/ronnie/Harikar/harikar-website-astro/src 1 undefined Project: /home/ronnie/Harikar/harikar-website-astro/tsconfig.json WatchType: Failed Lookup Locations
Info 143  [09:19:33.579] Starting updateGraphWorker: Project: /home/ronnie/Harikar/harikar-website-astro/tsconfig.json
Info 144  [09:19:33.580] Finishing updateGraphWorker: Project: /home/ronnie/Harikar/harikar-website-astro/tsconfig.json Version: 6 structureChanged: false structureIsReused:: SafeModules Elapsed: 0.9374810000881553ms
Info 145  [09:19:34.331] DirectoryWatcher:: Triggered with /home/ronnie/Harikar/harikar-website-astro :: WatchInfo: /home/ronnie/Harikar/harikar-website-astro 1 undefined Config: /home/ronnie/Harikar/harikar-website-astro/tsconfig.json WatchType: Wild card directory
Info 146  [09:19:34.332] Elapsed:: 0.27644800022244453ms DirectoryWatcher:: Triggered with /home/ronnie/Harikar/harikar-website-astro :: WatchInfo: /home/ronnie/Harikar/harikar-website-astro 1 undefined Config: /home/ronnie/Harikar/harikar-website-astro/tsconfig.json WatchType: Wild card directory
Info 147  [09:19:34.332] DirectoryWatcher:: Triggered with /home/ronnie/Harikar/harikar-website-astro/src :: WatchInfo: /home/ronnie/Harikar/harikar-website-astro/src 1 undefined Project: /home/ronnie/Harikar/harikar-website-astro/tsconfig.json WatchType: Failed Lookup Locations
Info 148  [09:19:34.332] Elapsed:: 0.177946999669075ms DirectoryWatcher:: Triggered with /home/ronnie/Harikar/harikar-website-astro/src :: WatchInfo: /home/ronnie/Harikar/harikar-website-astro/src 1 undefined Project: /home/ronnie/Harikar/harikar-website-astro/tsconfig.json WatchType: Failed Lookup Locations
Info 149  [09:19:34.594] Starting updateGraphWorker: Project: /home/ronnie/Harikar/harikar-website-astro/tsconfig.json
Info 150  [09:19:34.657] Finishing updateGraphWorker: Project: /home/ronnie/Harikar/harikar-website-astro/tsconfig.json Version: 7 structureChanged: true structureIsReused:: SafeModules Elapsed: 62.61166900023818ms
Info 151  [09:19:34.657] Different program with same set of files
Info 152  [09:20:03.554] DirectoryWatcher:: Triggered with /home/ronnie/Harikar/harikar-website-astro/src/components/Header :: WatchInfo: /home/ronnie/Harikar/harikar-website-astro 1 undefined Config: /home/ronnie/Harikar/harikar-website-astro/tsconfig.json WatchType: Wild card directory
Info 153  [09:20:03.554] Elapsed:: 0.4645119998604059ms DirectoryWatcher:: Triggered with /home/ronnie/Harikar/harikar-website-astro/src/components/Header :: WatchInfo: /home/ronnie/Harikar/harikar-website-astro 1 undefined Config: /home/ronnie/Harikar/harikar-website-astro/tsconfig.json WatchType: Wild card directory
Info 154  [09:20:03.555] DirectoryWatcher:: Triggered with /home/ronnie/Harikar/harikar-website-astro/src/components/Header :: WatchInfo: /home/ronnie/Harikar/harikar-website-astro/src 1 undefined Project: /home/ronnie/Harikar/harikar-website-astro/tsconfig.json WatchType: Failed Lookup Locations
Info 155  [09:20:03.555] Elapsed:: 0.03227999992668629ms DirectoryWatcher:: Triggered with /home/ronnie/Harikar/harikar-website-astro/src/components/Header :: WatchInfo: /home/ronnie/Harikar/harikar-website-astro/src 1 undefined Project: /home/ronnie/Harikar/harikar-website-astro/tsconfig.json WatchType: Failed Lookup Locations
Info 156  [09:20:03.807] Starting updateGraphWorker: Project: /home/ronnie/Harikar/harikar-website-astro/tsconfig.json
Info 157  [09:20:03.810] Finishing updateGraphWorker: Project: /home/ronnie/Harikar/harikar-website-astro/tsconfig.json Version: 8 structureChanged: false structureIsReused:: SafeModules Elapsed: 2.7536599999293685ms
Info 158  [09:20:04.556] DirectoryWatcher:: Triggered with /home/ronnie/Harikar/harikar-website-astro :: WatchInfo: /home/ronnie/Harikar/harikar-website-astro 1 undefined Config: /home/ronnie/Harikar/harikar-website-astro/tsconfig.json WatchType: Wild card directory
Info 159  [09:20:04.557] Elapsed:: 0.8858719998970628ms DirectoryWatcher:: Triggered with /home/ronnie/Harikar/harikar-website-astro :: WatchInfo: /home/ronnie/Harikar/harikar-website-astro 1 undefined Config: /home/ronnie/Harikar/harikar-website-astro/tsconfig.json WatchType: Wild card directory
Info 160  [09:20:04.558] DirectoryWatcher:: Triggered with /home/ronnie/Harikar/harikar-website-astro/src :: WatchInfo: /home/ronnie/Harikar/harikar-website-astro/src 1 undefined Project: /home/ronnie/Harikar/harikar-website-astro/tsconfig.json WatchType: Failed Lookup Locations
Info 161  [09:20:04.558] Elapsed:: 0.2401809999719262ms DirectoryWatcher:: Triggered with /home/ronnie/Harikar/harikar-website-astro/src :: WatchInfo: /home/ronnie/Harikar/harikar-website-astro/src 1 undefined Project: /home/ronnie/Harikar/harikar-website-astro/tsconfig.json WatchType: Failed Lookup Locations
Info 162  [09:20:04.689] DirectoryWatcher:: Triggered with /home/ronnie/Harikar/harikar-website-astro/src/components/Icons/jobsIcon.vue :: WatchInfo: /home/ronnie/Harikar/harikar-website-astro 1 undefined Config: /home/ronnie/Harikar/harikar-website-astro/tsconfig.json WatchType: Wild card directory
Info 163  [09:20:04.689] Project: /home/ronnie/Harikar/harikar-website-astro/tsconfig.json Detected file add/remove of non supported extension: /home/ronnie/Harikar/harikar-website-astro/src/components/Icons/jobsIcon.vue
Info 164  [09:20:04.689] Elapsed:: 0.5140110002830625ms DirectoryWatcher:: Triggered with /home/ronnie/Harikar/harikar-website-astro/src/components/Icons/jobsIcon.vue :: WatchInfo: /home/ronnie/Harikar/harikar-website-astro 1 undefined Config: /home/ronnie/Harikar/harikar-website-astro/tsconfig.json WatchType: Wild card directory
Info 165  [09:20:04.690] DirectoryWatcher:: Triggered with /home/ronnie/Harikar/harikar-website-astro/src/components/Icons/jobsIcon.vue :: WatchInfo: /home/ronnie/Harikar/harikar-website-astro/src 1 undefined Project: /home/ronnie/Harikar/harikar-website-astro/tsconfig.json WatchType: Failed Lookup Locations
Info 166  [09:20:04.690] Elapsed:: 0.11994299944490194ms DirectoryWatcher:: Triggered with /home/ronnie/Harikar/harikar-website-astro/src/components/Icons/jobsIcon.vue :: WatchInfo: /home/ronnie/Harikar/harikar-website-astro/src 1 undefined Project: /home/ronnie/Harikar/harikar-website-astro/tsconfig.json WatchType: Failed Lookup Locations
Info 167  [09:20:04.690] DirectoryWatcher:: Triggered with /home/ronnie/Harikar/harikar-website-astro/src/components/Icons :: WatchInfo: /home/ronnie/Harikar/harikar-website-astro 1 undefined Config: /home/ronnie/Harikar/harikar-website-astro/tsconfig.json WatchType: Wild card directory
Info 168  [09:20:04.691] Elapsed:: 0.52919099945575ms DirectoryWatcher:: Triggered with /home/ronnie/Harikar/harikar-website-astro/src/components/Icons :: WatchInfo: /home/ronnie/Harikar/harikar-website-astro 1 undefined Config: /home/ronnie/Harikar/harikar-website-astro/tsconfig.json WatchType: Wild card directory
Info 169  [09:20:04.691] DirectoryWatcher:: Triggered with /home/ronnie/Harikar/harikar-website-astro/src/components/Icons :: WatchInfo: /home/ronnie/Harikar/harikar-website-astro/src 1 undefined Project: /home/ronnie/Harikar/harikar-website-astro/tsconfig.json WatchType: Failed Lookup Locations
Info 170  [09:20:04.692] Elapsed:: 0.1039819996803999ms DirectoryWatcher:: Triggered with /home/ronnie/Harikar/harikar-website-astro/src/components/Icons :: WatchInfo: /home/ronnie/Harikar/harikar-website-astro/src 1 undefined Project: /home/ronnie/Harikar/harikar-website-astro/tsconfig.json WatchType: Failed Lookup Locations
Info 171  [09:20:04.944] Starting updateGraphWorker: Project: /home/ronnie/Harikar/harikar-website-astro/tsconfig.json
Info 172  [09:20:05.030] Finishing updateGraphWorker: Project: /home/ronnie/Harikar/harikar-website-astro/tsconfig.json Version: 9 structureChanged: true structureIsReused:: SafeModules Elapsed: 86.08729500044137ms
Info 173  [09:20:05.030] Different program with same set of files
Info 174  [09:20:05.694] DirectoryWatcher:: Triggered with /home/ronnie/Harikar/harikar-website-astro :: WatchInfo: /home/ronnie/Harikar/harikar-website-astro 1 undefined Config: /home/ronnie/Harikar/harikar-website-astro/tsconfig.json WatchType: Wild card directory
Info 175  [09:20:05.694] Elapsed:: 0.33993800077587366ms DirectoryWatcher:: Triggered with /home/ronnie/Harikar/harikar-website-astro :: WatchInfo: /home/ronnie/Harikar/harikar-website-astro 1 undefined Config: /home/ronnie/Harikar/harikar-website-astro/tsconfig.json WatchType: Wild card directory
Info 176  [09:20:05.695] DirectoryWatcher:: Triggered with /home/ronnie/Harikar/harikar-website-astro/src :: WatchInfo: /home/ronnie/Harikar/harikar-website-astro/src 1 undefined Project: /home/ronnie/Harikar/harikar-website-astro/tsconfig.json WatchType: Failed Lookup Locations
Info 177  [09:20:05.695] Elapsed:: 0.20294500049203634ms DirectoryWatcher:: Triggered with /home/ronnie/Harikar/harikar-website-astro/src :: WatchInfo: /home/ronnie/Harikar/harikar-website-astro/src 1 undefined Project: /home/ronnie/Harikar/harikar-website-astro/tsconfig.json WatchType: Failed Lookup Locations
Info 178  [09:20:05.955] Starting updateGraphWorker: Project: /home/ronnie/Harikar/harikar-website-astro/tsconfig.json
Info 179  [09:20:06.024] Finishing updateGraphWorker: Project: /home/ronnie/Harikar/harikar-website-astro/tsconfig.json Version: 10 structureChanged: true structureIsReused:: SafeModules Elapsed: 68.87782099936157ms
Info 180  [09:20:06.024] Different program with same set of files
Info 181  [09:21:59.541] DirectoryWatcher:: Triggered with /home/ronnie/Harikar/harikar-website-astro/src/layouts/main-layout.astro 0:: WatchInfo: /home/ronnie/Harikar/harikar-website-astro 1 undefined Config: /home/ronnie/Harikar/harikar-website-astro/tsconfig.json WatchType: Wild card directory
Info 182  [09:21:59.542] Project: /home/ronnie/Harikar/harikar-website-astro/tsconfig.json Detected file add/remove of non supported extension: /home/ronnie/Harikar/harikar-website-astro/src/layouts/main-layout.astro
Info 183  [09:21:59.542] Elapsed:: 0.7385120000690222ms DirectoryWatcher:: Triggered with /home/ronnie/Harikar/harikar-website-astro/src/layouts/main-layout.astro 0:: WatchInfo: /home/ronnie/Harikar/harikar-website-astro 1 undefined Config: /home/ronnie/Harikar/harikar-website-astro/tsconfig.json WatchType: Wild card directory
Info 184  [09:21:59.543] DirectoryWatcher:: Triggered with /home/ronnie/Harikar/harikar-website-astro/src/layouts/MainLayout.astro 1:: WatchInfo: /home/ronnie/Harikar/harikar-website-astro 1 undefined Config: /home/ronnie/Harikar/harikar-website-astro/tsconfig.json WatchType: Wild card directory
Info 185  [09:21:59.543] Project: /home/ronnie/Harikar/harikar-website-astro/tsconfig.json Detected file add/remove of non supported extension: /home/ronnie/Harikar/harikar-website-astro/src/layouts/MainLayout.astro
Info 186  [09:21:59.543] Elapsed:: 0.4777740007266402ms DirectoryWatcher:: Triggered with /home/ronnie/Harikar/harikar-website-astro/src/layouts/MainLayout.astro 1:: WatchInfo: /home/ronnie/Harikar/harikar-website-astro 1 undefined Config: /home/ronnie/Harikar/harikar-website-astro/tsconfig.json WatchType: Wild card directory
Info 187  [09:21:59.543] DirectoryWatcher:: Triggered with /home/ronnie/Harikar/harikar-website-astro/src/layouts/main-layout.astro 0:: WatchInfo: /home/ronnie/Harikar/harikar-website-astro/src 1 undefined Project: /home/ronnie/Harikar/harikar-website-astro/tsconfig.json WatchType: Failed Lookup Locations
Info 188  [09:21:59.544] Elapsed:: 0.21896400023251772ms DirectoryWatcher:: Triggered with /home/ronnie/Harikar/harikar-website-astro/src/layouts/main-layout.astro 0:: WatchInfo: /home/ronnie/Harikar/harikar-website-astro/src 1 undefined Project: /home/ronnie/Harikar/harikar-website-astro/tsconfig.json WatchType: Failed Lookup Locations
Info 189  [09:21:59.544] DirectoryWatcher:: Triggered with /home/ronnie/Harikar/harikar-website-astro/src/layouts/MainLayout.astro 1:: WatchInfo: /home/ronnie/Harikar/harikar-website-astro/src 1 undefined Project: /home/ronnie/Harikar/harikar-website-astro/tsconfig.json WatchType: Failed Lookup Locations
Info 190  [09:21:59.544] Elapsed:: 0.1860410002991557ms DirectoryWatcher:: Triggered with /home/ronnie/Harikar/harikar-website-astro/src/layouts/MainLayout.astro 1:: WatchInfo: /home/ronnie/Harikar/harikar-website-astro/src 1 undefined Project: /home/ronnie/Harikar/harikar-website-astro/tsconfig.json WatchType: Failed Lookup Locations
Info 191  [09:22:13.564] DirectoryWatcher:: Triggered with /home/ronnie/Harikar/harikar-website-astro/src/pages/index.astro 0:: WatchInfo: /home/ronnie/Harikar/harikar-website-astro 1 undefined Config: /home/ronnie/Harikar/harikar-website-astro/tsconfig.json WatchType: Wild card directory
Info 192  [09:22:13.565] Project: /home/ronnie/Harikar/harikar-website-astro/tsconfig.json Detected file add/remove of non supported extension: /home/ronnie/Harikar/harikar-website-astro/src/pages/index.astro
Info 193  [09:22:13.565] Elapsed:: 0.5043590003624558ms DirectoryWatcher:: Triggered with /home/ronnie/Harikar/harikar-website-astro/src/pages/index.astro 0:: WatchInfo: /home/ronnie/Harikar/harikar-website-astro 1 undefined Config: /home/ronnie/Harikar/harikar-website-astro/tsconfig.json WatchType: Wild card directory
Info 194  [09:22:13.565] DirectoryWatcher:: Triggered with /home/ronnie/Harikar/harikar-website-astro/src/pages/index.astro 1:: WatchInfo: /home/ronnie/Harikar/harikar-website-astro 1 undefined Config: /home/ronnie/Harikar/harikar-website-astro/tsconfig.json WatchType: Wild card directory
Info 195  [09:22:13.565] Project: /home/ronnie/Harikar/harikar-website-astro/tsconfig.json Detected file add/remove of non supported extension: /home/ronnie/Harikar/harikar-website-astro/src/pages/index.astro
Info 196  [09:22:13.566] Elapsed:: 0.788658999837935ms DirectoryWatcher:: Triggered with /home/ronnie/Harikar/harikar-website-astro/src/pages/index.astro 1:: WatchInfo: /home/ronnie/Harikar/harikar-website-astro 1 undefined Config: /home/ronnie/Harikar/harikar-website-astro/tsconfig.json WatchType: Wild card directory
Info 197  [09:22:13.566] DirectoryWatcher:: Triggered with /home/ronnie/Harikar/harikar-website-astro/src/pages/index.astro 0:: WatchInfo: /home/ronnie/Harikar/harikar-website-astro/src 1 undefined Project: /home/ronnie/Harikar/harikar-website-astro/tsconfig.json WatchType: Failed Lookup Locations
Info 198  [09:22:13.567] Elapsed:: 0.27008299995213747ms DirectoryWatcher:: Triggered with /home/ronnie/Harikar/harikar-website-astro/src/pages/index.astro 0:: WatchInfo: /home/ronnie/Harikar/harikar-website-astro/src 1 undefined Project: /home/ronnie/Harikar/harikar-website-astro/tsconfig.json WatchType: Failed Lookup Locations
Info 199  [09:22:13.567] DirectoryWatcher:: Triggered with /home/ronnie/Harikar/harikar-website-astro/src/pages/index.astro 1:: WatchInfo: /home/ronnie/Harikar/harikar-website-astro/src 1 undefined Project: /home/ronnie/Harikar/harikar-website-astro/tsconfig.json WatchType: Failed Lookup Locations
Info 200  [09:22:13.567] Elapsed:: 0.15457900054752827ms DirectoryWatcher:: Triggered with /home/ronnie/Harikar/harikar-website-astro/src/pages/index.astro 1:: WatchInfo: /home/ronnie/Harikar/harikar-website-astro/src 1 undefined Project: /home/ronnie/Harikar/harikar-website-astro/tsconfig.json WatchType: Failed Lookup Locations
Info 201  [09:24:59.861] DirectoryWatcher:: Triggered with /home/ronnie/Harikar/harikar-website-astro :: WatchInfo: /home/ronnie/Harikar/harikar-website-astro 1 undefined Config: /home/ronnie/Harikar/harikar-website-astro/tsconfig.json WatchType: Wild card directory
Info 202  [09:24:59.862] Elapsed:: 0.3842919999733567ms DirectoryWatcher:: Triggered with /home/ronnie/Harikar/harikar-website-astro :: WatchInfo: /home/ronnie/Harikar/harikar-website-astro 1 undefined Config: /home/ronnie/Harikar/harikar-website-astro/tsconfig.json WatchType: Wild card directory
Info 203  [09:24:59.862] DirectoryWatcher:: Triggered with /home/ronnie/Harikar/harikar-website-astro/src :: WatchInfo: /home/ronnie/Harikar/harikar-website-astro/src 1 undefined Project: /home/ronnie/Harikar/harikar-website-astro/tsconfig.json WatchType: Failed Lookup Locations
Info 204  [09:24:59.862] Elapsed:: 0.19882099982351065ms DirectoryWatcher:: Triggered with /home/ronnie/Harikar/harikar-website-astro/src :: WatchInfo: /home/ronnie/Harikar/harikar-website-astro/src 1 undefined Project: /home/ronnie/Harikar/harikar-website-astro/tsconfig.json WatchType: Failed Lookup Locations
Info 205  [09:25:00.122] Starting updateGraphWorker: Project: /home/ronnie/Harikar/harikar-website-astro/tsconfig.json
Info 206  [09:25:00.187] Finishing updateGraphWorker: Project: /home/ronnie/Harikar/harikar-website-astro/tsconfig.json Version: 11 structureChanged: true structureIsReused:: SafeModules Elapsed: 64.52154599968344ms
Info 207  [09:25:00.187] Different program with same set of files
Info 208  [09:25:24.409] DirectoryWatcher:: Triggered with /home/ronnie/Harikar/harikar-website-astro/src/layouts/MainLayout.astro 0:: WatchInfo: /home/ronnie/Harikar/harikar-website-astro 1 undefined Config: /home/ronnie/Harikar/harikar-website-astro/tsconfig.json WatchType: Wild card directory
Info 209  [09:25:24.410] Project: /home/ronnie/Harikar/harikar-website-astro/tsconfig.json Detected file add/remove of non supported extension: /home/ronnie/Harikar/harikar-website-astro/src/layouts/MainLayout.astro
Info 210  [09:25:24.410] Elapsed:: 0.6444180002436042ms DirectoryWatcher:: Triggered with /home/ronnie/Harikar/harikar-website-astro/src/layouts/MainLayout.astro 0:: WatchInfo: /home/ronnie/Harikar/harikar-website-astro 1 undefined Config: /home/ronnie/Harikar/harikar-website-astro/tsconfig.json WatchType: Wild card directory
Info 211  [09:25:24.410] DirectoryWatcher:: Triggered with /home/ronnie/Harikar/harikar-website-astro/src/layouts/MainLayout.astro 1:: WatchInfo: /home/ronnie/Harikar/harikar-website-astro 1 undefined Config: /home/ronnie/Harikar/harikar-website-astro/tsconfig.json WatchType: Wild card directory
Info 212  [09:25:24.410] Project: /home/ronnie/Harikar/harikar-website-astro/tsconfig.json Detected file add/remove of non supported extension: /home/ronnie/Harikar/harikar-website-astro/src/layouts/MainLayout.astro
Info 213  [09:25:24.411] Elapsed:: 0.4056069999933243ms DirectoryWatcher:: Triggered with /home/ronnie/Harikar/harikar-website-astro/src/layouts/MainLayout.astro 1:: WatchInfo: /home/ronnie/Harikar/harikar-website-astro 1 undefined Config: /home/ronnie/Harikar/harikar-website-astro/tsconfig.json WatchType: Wild card directory
Info 214  [09:25:24.411] DirectoryWatcher:: Triggered with /home/ronnie/Harikar/harikar-website-astro/src/layouts/MainLayout.astro 0:: WatchInfo: /home/ronnie/Harikar/harikar-website-astro/src 1 undefined Project: /home/ronnie/Harikar/harikar-website-astro/tsconfig.json WatchType: Failed Lookup Locations
Info 215  [09:25:24.411] Elapsed:: 0.22735500056296587ms DirectoryWatcher:: Triggered with /home/ronnie/Harikar/harikar-website-astro/src/layouts/MainLayout.astro 0:: WatchInfo: /home/ronnie/Harikar/harikar-website-astro/src 1 undefined Project: /home/ronnie/Harikar/harikar-website-astro/tsconfig.json WatchType: Failed Lookup Locations
Info 216  [09:25:24.411] DirectoryWatcher:: Triggered with /home/ronnie/Harikar/harikar-website-astro/src/layouts/MainLayout.astro 1:: WatchInfo: /home/ronnie/Harikar/harikar-website-astro/src 1 undefined Project: /home/ronnie/Harikar/harikar-website-astro/tsconfig.json WatchType: Failed Lookup Locations
Info 217  [09:25:24.412] Elapsed:: 0.18398299999535084ms DirectoryWatcher:: Triggered with /home/ronnie/Harikar/harikar-website-astro/src/layouts/MainLayout.astro 1:: WatchInfo: /home/ronnie/Harikar/harikar-website-astro/src 1 undefined Project: /home/ronnie/Harikar/harikar-website-astro/tsconfig.json WatchType: Failed Lookup Locations
Info 218  [09:28:56.453] DirectoryWatcher:: Triggered with /home/ronnie/Harikar/harikar-website-astro/src/components/Header/header.css 0:: WatchInfo: /home/ronnie/Harikar/harikar-website-astro 1 undefined Config: /home/ronnie/Harikar/harikar-website-astro/tsconfig.json WatchType: Wild card directory
Info 219  [09:28:56.453] Project: /home/ronnie/Harikar/harikar-website-astro/tsconfig.json Detected file add/remove of non supported extension: /home/ronnie/Harikar/harikar-website-astro/src/components/Header/header.css
Info 220  [09:28:56.453] Elapsed:: 0.39850199967622757ms DirectoryWatcher:: Triggered with /home/ronnie/Harikar/harikar-website-astro/src/components/Header/header.css 0:: WatchInfo: /home/ronnie/Harikar/harikar-website-astro 1 undefined Config: /home/ronnie/Harikar/harikar-website-astro/tsconfig.json WatchType: Wild card directory
Info 221  [09:28:56.454] DirectoryWatcher:: Triggered with /home/ronnie/Harikar/harikar-website-astro/src/components/Header/header.css 1:: WatchInfo: /home/ronnie/Harikar/harikar-website-astro 1 undefined Config: /home/ronnie/Harikar/harikar-website-astro/tsconfig.json WatchType: Wild card directory
Info 222  [09:28:56.454] Project: /home/ronnie/Harikar/harikar-website-astro/tsconfig.json Detected file add/remove of non supported extension: /home/ronnie/Harikar/harikar-website-astro/src/components/Header/header.css
Info 223  [09:28:56.454] Elapsed:: 0.2886880002915859ms DirectoryWatcher:: Triggered with /home/ronnie/Harikar/harikar-website-astro/src/components/Header/header.css 1:: WatchInfo: /home/ronnie/Harikar/harikar-website-astro 1 undefined Config: /home/ronnie/Harikar/harikar-website-astro/tsconfig.json WatchType: Wild card directory
Info 224  [09:28:56.454] DirectoryWatcher:: Triggered with /home/ronnie/Harikar/harikar-website-astro/src/components/Header/header.css 0:: WatchInfo: /home/ronnie/Harikar/harikar-website-astro/src 1 undefined Project: /home/ronnie/Harikar/harikar-website-astro/tsconfig.json WatchType: Failed Lookup Locations
Info 225  [09:28:56.454] Elapsed:: 0.1276529999449849ms DirectoryWatcher:: Triggered with /home/ronnie/Harikar/harikar-website-astro/src/components/Header/header.css 0:: WatchInfo: /home/ronnie/Harikar/harikar-website-astro/src 1 undefined Project: /home/ronnie/Harikar/harikar-website-astro/tsconfig.json WatchType: Failed Lookup Locations
Info 226  [09:28:56.454] DirectoryWatcher:: Triggered with /home/ronnie/Harikar/harikar-website-astro/src/components/Header/header.css 1:: WatchInfo: /home/ronnie/Harikar/harikar-website-astro/src 1 undefined Project: /home/ronnie/Harikar/harikar-website-astro/tsconfig.json WatchType: Failed Lookup Locations
Info 227  [09:28:56.455] Elapsed:: 0.10732400044798851ms DirectoryWatcher:: Triggered with /home/ronnie/Harikar/harikar-website-astro/src/components/Header/header.css 1:: WatchInfo: /home/ronnie/Harikar/harikar-website-astro/src 1 undefined Project: /home/ronnie/Harikar/harikar-website-astro/tsconfig.json WatchType: Failed Lookup Locations
Info 228  [09:34:10.820] DirectoryWatcher:: Triggered with /home/ronnie/Harikar/harikar-website-astro/src/components/Header :: WatchInfo: /home/ronnie/Harikar/harikar-website-astro 1 undefined Config: /home/ronnie/Harikar/harikar-website-astro/tsconfig.json WatchType: Wild card directory
Info 229  [09:34:10.820] Elapsed:: 0.35739099979400635ms DirectoryWatcher:: Triggered with /home/ronnie/Harikar/harikar-website-astro/src/components/Header :: WatchInfo: /home/ronnie/Harikar/harikar-website-astro 1 undefined Config: /home/ronnie/Harikar/harikar-website-astro/tsconfig.json WatchType: Wild card directory
Info 230  [09:34:10.821] DirectoryWatcher:: Triggered with /home/ronnie/Harikar/harikar-website-astro/src/components/Header :: WatchInfo: /home/ronnie/Harikar/harikar-website-astro/src 1 undefined Project: /home/ronnie/Harikar/harikar-website-astro/tsconfig.json WatchType: Failed Lookup Locations
Info 231  [09:34:10.821] Elapsed:: 0.06844899989664555ms DirectoryWatcher:: Triggered with /home/ronnie/Harikar/harikar-website-astro/src/components/Header :: WatchInfo: /home/ronnie/Harikar/harikar-website-astro/src 1 undefined Project: /home/ronnie/Harikar/harikar-website-astro/tsconfig.json WatchType: Failed Lookup Locations
Info 232  [09:34:11.075] Starting updateGraphWorker: Project: /home/ronnie/Harikar/harikar-website-astro/tsconfig.json
Info 233  [09:34:11.076] Finishing updateGraphWorker: Project: /home/ronnie/Harikar/harikar-website-astro/tsconfig.json Version: 12 structureChanged: false structureIsReused:: SafeModules Elapsed: 0.6646090000867844ms
Info 234  [09:34:11.822] DirectoryWatcher:: Triggered with /home/ronnie/Harikar/harikar-website-astro :: WatchInfo: /home/ronnie/Harikar/harikar-website-astro 1 undefined Config: /home/ronnie/Harikar/harikar-website-astro/tsconfig.json WatchType: Wild card directory
Info 235  [09:34:11.822] Elapsed:: 0.2329519996419549ms DirectoryWatcher:: Triggered with /home/ronnie/Harikar/harikar-website-astro :: WatchInfo: /home/ronnie/Harikar/harikar-website-astro 1 undefined Config: /home/ronnie/Harikar/harikar-website-astro/tsconfig.json WatchType: Wild card directory
Info 236  [09:34:11.823] DirectoryWatcher:: Triggered with /home/ronnie/Harikar/harikar-website-astro/src :: WatchInfo: /home/ronnie/Harikar/harikar-website-astro/src 1 undefined Project: /home/ronnie/Harikar/harikar-website-astro/tsconfig.json WatchType: Failed Lookup Locations
Info 237  [09:34:11.823] Elapsed:: 0.2066750004887581ms DirectoryWatcher:: Triggered with /home/ronnie/Harikar/harikar-website-astro/src :: WatchInfo: /home/ronnie/Harikar/harikar-website-astro/src 1 undefined Project: /home/ronnie/Harikar/harikar-website-astro/tsconfig.json WatchType: Failed Lookup Locations
Info 238  [09:34:12.076] Starting updateGraphWorker: Project: /home/ronnie/Harikar/harikar-website-astro/tsconfig.json
Info 239  [09:34:12.139] Finishing updateGraphWorker: Project: /home/ronnie/Harikar/harikar-website-astro/tsconfig.json Version: 13 structureChanged: true structureIsReused:: SafeModules Elapsed: 62.52437200024724ms
Info 240  [09:34:12.139] Different program with same set of files
Info 241  [09:34:35.248] DirectoryWatcher:: Triggered with /home/ronnie/Harikar/harikar-website-astro/src/layouts/MainLayout.astro 0:: WatchInfo: /home/ronnie/Harikar/harikar-website-astro 1 undefined Config: /home/ronnie/Harikar/harikar-website-astro/tsconfig.json WatchType: Wild card directory
Info 242  [09:34:35.248] Project: /home/ronnie/Harikar/harikar-website-astro/tsconfig.json Detected file add/remove of non supported extension: /home/ronnie/Harikar/harikar-website-astro/src/layouts/MainLayout.astro
Info 243  [09:34:35.249] Elapsed:: 0.35247600078582764ms DirectoryWatcher:: Triggered with /home/ronnie/Harikar/harikar-website-astro/src/layouts/MainLayout.astro 0:: WatchInfo: /home/ronnie/Harikar/harikar-website-astro 1 undefined Config: /home/ronnie/Harikar/harikar-website-astro/tsconfig.json WatchType: Wild card directory
Info 244  [09:34:35.249] DirectoryWatcher:: Triggered with /home/ronnie/Harikar/harikar-website-astro/src/layouts/MainLayout.astro 1:: WatchInfo: /home/ronnie/Harikar/harikar-website-astro 1 undefined Config: /home/ronnie/Harikar/harikar-website-astro/tsconfig.json WatchType: Wild card directory
Info 245  [09:34:35.249] Project: /home/ronnie/Harikar/harikar-website-astro/tsconfig.json Detected file add/remove of non supported extension: /home/ronnie/Harikar/harikar-website-astro/src/layouts/MainLayout.astro
Info 246  [09:34:35.249] Elapsed:: 0.416745999827981ms DirectoryWatcher:: Triggered with /home/ronnie/Harikar/harikar-website-astro/src/layouts/MainLayout.astro 1:: WatchInfo: /home/ronnie/Harikar/harikar-website-astro 1 undefined Config: /home/ronnie/Harikar/harikar-website-astro/tsconfig.json WatchType: Wild card directory
Info 247  [09:34:35.250] DirectoryWatcher:: Triggered with /home/ronnie/Harikar/harikar-website-astro/src/layouts/MainLayout.astro 0:: WatchInfo: /home/ronnie/Harikar/harikar-website-astro/src 1 undefined Project: /home/ronnie/Harikar/harikar-website-astro/tsconfig.json WatchType: Failed Lookup Locations
Info 248  [09:34:35.250] Elapsed:: 0.15592500008642673ms DirectoryWatcher:: Triggered with /home/ronnie/Harikar/harikar-website-astro/src/layouts/MainLayout.astro 0:: WatchInfo: /home/ronnie/Harikar/harikar-website-astro/src 1 undefined Project: /home/ronnie/Harikar/harikar-website-astro/tsconfig.json WatchType: Failed Lookup Locations
Info 249  [09:34:35.250] DirectoryWatcher:: Triggered with /home/ronnie/Harikar/harikar-website-astro/src/layouts/MainLayout.astro 1:: WatchInfo: /home/ronnie/Harikar/harikar-website-astro/src 1 undefined Project: /home/ronnie/Harikar/harikar-website-astro/tsconfig.json WatchType: Failed Lookup Locations
Info 250  [09:34:35.250] Elapsed:: 0.12030200008302927ms DirectoryWatcher:: Triggered with /home/ronnie/Harikar/harikar-website-astro/src/layouts/MainLayout.astro 1:: WatchInfo: /home/ronnie/Harikar/harikar-website-astro/src 1 undefined Project: /home/ronnie/Harikar/harikar-website-astro/tsconfig.json WatchType: Failed Lookup Locations
Info 251  [09:35:31.500] DirectoryWatcher:: Triggered with /home/ronnie/Harikar/harikar-website-astro/src/components/Hero.astro 0:: WatchInfo: /home/ronnie/Harikar/harikar-website-astro 1 undefined Config: /home/ronnie/Harikar/harikar-website-astro/tsconfig.json WatchType: Wild card directory
Info 252  [09:35:31.501] Project: /home/ronnie/Harikar/harikar-website-astro/tsconfig.json Detected file add/remove of non supported extension: /home/ronnie/Harikar/harikar-website-astro/src/components/Hero.astro
Info 253  [09:35:31.501] Elapsed:: 0.546977000311017ms DirectoryWatcher:: Triggered with /home/ronnie/Harikar/harikar-website-astro/src/components/Hero.astro 0:: WatchInfo: /home/ronnie/Harikar/harikar-website-astro 1 undefined Config: /home/ronnie/Harikar/harikar-website-astro/tsconfig.json WatchType: Wild card directory
Info 254  [09:35:31.501] DirectoryWatcher:: Triggered with /home/ronnie/Harikar/harikar-website-astro/src/components/Hero.astro 0:: WatchInfo: /home/ronnie/Harikar/harikar-website-astro/src 1 undefined Project: /home/ronnie/Harikar/harikar-website-astro/tsconfig.json WatchType: Failed Lookup Locations
Info 255  [09:35:31.502] Elapsed:: 0.20022500026971102ms DirectoryWatcher:: Triggered with /home/ronnie/Harikar/harikar-website-astro/src/components/Hero.astro 0:: WatchInfo: /home/ronnie/Harikar/harikar-website-astro/src 1 undefined Project: /home/ronnie/Harikar/harikar-website-astro/tsconfig.json WatchType: Failed Lookup Locations
Info 256  [09:35:35.181] DirectoryWatcher:: Triggered with /home/ronnie/Harikar/harikar-website-astro/src/components/Hero.astro 0:: WatchInfo: /home/ronnie/Harikar/harikar-website-astro 1 undefined Config: /home/ronnie/Harikar/harikar-website-astro/tsconfig.json WatchType: Wild card directory
Info 257  [09:35:35.181] Project: /home/ronnie/Harikar/harikar-website-astro/tsconfig.json Detected file add/remove of non supported extension: /home/ronnie/Harikar/harikar-website-astro/src/components/Hero.astro
Info 258  [09:35:35.181] Elapsed:: 0.08316199947148561ms DirectoryWatcher:: Triggered with /home/ronnie/Harikar/harikar-website-astro/src/components/Hero.astro 0:: WatchInfo: /home/ronnie/Harikar/harikar-website-astro 1 undefined Config: /home/ronnie/Harikar/harikar-website-astro/tsconfig.json WatchType: Wild card directory
Info 259  [09:35:35.181] DirectoryWatcher:: Triggered with /home/ronnie/Harikar/harikar-website-astro/src/components/Hero.astro 1:: WatchInfo: /home/ronnie/Harikar/harikar-website-astro 1 undefined Config: /home/ronnie/Harikar/harikar-website-astro/tsconfig.json WatchType: Wild card directory
Info 260  [09:35:35.181] Project: /home/ronnie/Harikar/harikar-website-astro/tsconfig.json Detected file add/remove of non supported extension: /home/ronnie/Harikar/harikar-website-astro/src/components/Hero.astro
Info 261  [09:35:35.182] Elapsed:: 0.04296499956399202ms DirectoryWatcher:: Triggered with /home/ronnie/Harikar/harikar-website-astro/src/components/Hero.astro 1:: WatchInfo: /home/ronnie/Harikar/harikar-website-astro 1 undefined Config: /home/ronnie/Harikar/harikar-website-astro/tsconfig.json WatchType: Wild card directory
Info 262  [09:35:35.182] DirectoryWatcher:: Triggered with /home/ronnie/Harikar/harikar-website-astro/src/components/Hero.astro 0:: WatchInfo: /home/ronnie/Harikar/harikar-website-astro/src 1 undefined Project: /home/ronnie/Harikar/harikar-website-astro/tsconfig.json WatchType: Failed Lookup Locations
Info 263  [09:35:35.182] Elapsed:: 0.04460799973458052ms DirectoryWatcher:: Triggered with /home/ronnie/Harikar/harikar-website-astro/src/components/Hero.astro 0:: WatchInfo: /home/ronnie/Harikar/harikar-website-astro/src 1 undefined Project: /home/ronnie/Harikar/harikar-website-astro/tsconfig.json WatchType: Failed Lookup Locations
Info 264  [09:35:35.182] DirectoryWatcher:: Triggered with /home/ronnie/Harikar/harikar-website-astro/src/components/Hero.astro 1:: WatchInfo: /home/ronnie/Harikar/harikar-website-astro/src 1 undefined Project: /home/ronnie/Harikar/harikar-website-astro/tsconfig.json WatchType: Failed Lookup Locations
Info 265  [09:35:35.182] Elapsed:: 0.024513999931514263ms DirectoryWatcher:: Triggered with /home/ronnie/Harikar/harikar-website-astro/src/components/Hero.astro 1:: WatchInfo: /home/ronnie/Harikar/harikar-website-astro/src 1 undefined Project: /home/ronnie/Harikar/harikar-website-astro/tsconfig.json WatchType: Failed Lookup Locations
Info 266  [09:36:55.405] DirectoryWatcher:: Triggered with /home/ronnie/Harikar/harikar-website-astro/src/pages/index.astro 0:: WatchInfo: /home/ronnie/Harikar/harikar-website-astro 1 undefined Config: /home/ronnie/Harikar/harikar-website-astro/tsconfig.json WatchType: Wild card directory
Info 267  [09:36:55.405] Project: /home/ronnie/Harikar/harikar-website-astro/tsconfig.json Detected file add/remove of non supported extension: /home/ronnie/Harikar/harikar-website-astro/src/pages/index.astro
Info 268  [09:36:55.405] Elapsed:: 0.14334800001233816ms DirectoryWatcher:: Triggered with /home/ronnie/Harikar/harikar-website-astro/src/pages/index.astro 0:: WatchInfo: /home/ronnie/Harikar/harikar-website-astro 1 undefined Config: /home/ronnie/Harikar/harikar-website-astro/tsconfig.json WatchType: Wild card directory
Info 269  [09:36:55.405] DirectoryWatcher:: Triggered with /home/ronnie/Harikar/harikar-website-astro/src/pages/index.astro 1:: WatchInfo: /home/ronnie/Harikar/harikar-website-astro 1 undefined Config: /home/ronnie/Harikar/harikar-website-astro/tsconfig.json WatchType: Wild card directory
Info 270  [09:36:55.406] Project: /home/ronnie/Harikar/harikar-website-astro/tsconfig.json Detected file add/remove of non supported extension: /home/ronnie/Harikar/harikar-website-astro/src/pages/index.astro
Info 271  [09:36:55.406] Elapsed:: 0.21690999995917082ms DirectoryWatcher:: Triggered with /home/ronnie/Harikar/harikar-website-astro/src/pages/index.astro 1:: WatchInfo: /home/ronnie/Harikar/harikar-website-astro 1 undefined Config: /home/ronnie/Harikar/harikar-website-astro/tsconfig.json WatchType: Wild card directory
Info 272  [09:36:55.406] DirectoryWatcher:: Triggered with /home/ronnie/Harikar/harikar-website-astro/src/pages/index.astro 0:: WatchInfo: /home/ronnie/Harikar/harikar-website-astro/src 1 undefined Project: /home/ronnie/Harikar/harikar-website-astro/tsconfig.json WatchType: Failed Lookup Locations
Info 273  [09:36:55.406] Elapsed:: 0.14079000055789948ms DirectoryWatcher:: Triggered with /home/ronnie/Harikar/harikar-website-astro/src/pages/index.astro 0:: WatchInfo: /home/ronnie/Harikar/harikar-website-astro/src 1 undefined Project: /home/ronnie/Harikar/harikar-website-astro/tsconfig.json WatchType: Failed Lookup Locations
Info 274  [09:36:55.406] DirectoryWatcher:: Triggered with /home/ronnie/Harikar/harikar-website-astro/src/pages/index.astro 1:: WatchInfo: /home/ronnie/Harikar/harikar-website-astro/src 1 undefined Project: /home/ronnie/Harikar/harikar-website-astro/tsconfig.json WatchType: Failed Lookup Locations
Info 275  [09:36:55.406] Elapsed:: 0.0723879998549819ms DirectoryWatcher:: Triggered with /home/ronnie/Harikar/harikar-website-astro/src/pages/index.astro 1:: WatchInfo: /home/ronnie/Harikar/harikar-website-astro/src 1 undefined Project: /home/ronnie/Harikar/harikar-website-astro/tsconfig.json WatchType: Failed Lookup Locations
Info 276  [09:41:35.241] DirectoryWatcher:: Triggered with /home/ronnie/Harikar/harikar-website-astro/public/style.css 0:: WatchInfo: /home/ronnie/Harikar/harikar-website-astro 1 undefined Config: /home/ronnie/Harikar/harikar-website-astro/tsconfig.json WatchType: Wild card directory
Info 277  [09:41:35.242] Project: /home/ronnie/Harikar/harikar-website-astro/tsconfig.json Detected file add/remove of non supported extension: /home/ronnie/Harikar/harikar-website-astro/public/style.css
Info 278  [09:41:35.242] Elapsed:: 0.4986299993470311ms DirectoryWatcher:: Triggered with /home/ronnie/Harikar/harikar-website-astro/public/style.css 0:: WatchInfo: /home/ronnie/Harikar/harikar-website-astro 1 undefined Config: /home/ronnie/Harikar/harikar-website-astro/tsconfig.json WatchType: Wild card directory
Info 279  [09:44:47.516] DirectoryWatcher:: Triggered with /home/ronnie/Harikar/harikar-website-astro :: WatchInfo: /home/ronnie/Harikar/harikar-website-astro 1 undefined Config: /home/ronnie/Harikar/harikar-website-astro/tsconfig.json WatchType: Wild card directory
Info 280  [09:44:47.516] Elapsed:: 0.2963680000975728ms DirectoryWatcher:: Triggered with /home/ronnie/Harikar/harikar-website-astro :: WatchInfo: /home/ronnie/Harikar/harikar-website-astro 1 undefined Config: /home/ronnie/Harikar/harikar-website-astro/tsconfig.json WatchType: Wild card directory
Info 281  [09:44:47.516] DirectoryWatcher:: Triggered with /home/ronnie/Harikar/harikar-website-astro/src :: WatchInfo: /home/ronnie/Harikar/harikar-website-astro/src 1 undefined Project: /home/ronnie/Harikar/harikar-website-astro/tsconfig.json WatchType: Failed Lookup Locations
Info 282  [09:44:47.516] Elapsed:: 0.18347299937158823ms DirectoryWatcher:: Triggered with /home/ronnie/Harikar/harikar-website-astro/src :: WatchInfo: /home/ronnie/Harikar/harikar-website-astro/src 1 undefined Project: /home/ronnie/Harikar/harikar-website-astro/tsconfig.json WatchType: Failed Lookup Locations
Info 283  [09:44:47.779] Starting updateGraphWorker: Project: /home/ronnie/Harikar/harikar-website-astro/tsconfig.json
Info 284  [09:44:47.839] Finishing updateGraphWorker: Project: /home/ronnie/Harikar/harikar-website-astro/tsconfig.json Version: 14 structureChanged: true structureIsReused:: SafeModules Elapsed: 60.71433900017291ms
Info 285  [09:44:47.840] Different program with same set of files
Info 286  [09:44:56.859] DirectoryWatcher:: Triggered with /home/ronnie/Harikar/harikar-website-astro/public/style.css 0:: WatchInfo: /home/ronnie/Harikar/harikar-website-astro 1 undefined Config: /home/ronnie/Harikar/harikar-website-astro/tsconfig.json WatchType: Wild card directory
Info 287  [09:44:56.859] Project: /home/ronnie/Harikar/harikar-website-astro/tsconfig.json Detected file add/remove of non supported extension: /home/ronnie/Harikar/harikar-website-astro/public/style.css
Info 288  [09:44:56.859] Elapsed:: 0.46815000008791685ms DirectoryWatcher:: Triggered with /home/ronnie/Harikar/harikar-website-astro/public/style.css 0:: WatchInfo: /home/ronnie/Harikar/harikar-website-astro 1 undefined Config: /home/ronnie/Harikar/harikar-website-astro/tsconfig.json WatchType: Wild card directory
Info 289  [09:44:56.859] DirectoryWatcher:: Triggered with /home/ronnie/Harikar/harikar-website-astro/src/styles/style.css 1:: WatchInfo: /home/ronnie/Harikar/harikar-website-astro 1 undefined Config: /home/ronnie/Harikar/harikar-website-astro/tsconfig.json WatchType: Wild card directory
Info 290  [09:44:56.860] Project: /home/ronnie/Harikar/harikar-website-astro/tsconfig.json Detected file add/remove of non supported extension: /home/ronnie/Harikar/harikar-website-astro/src/styles/style.css
Info 291  [09:44:56.860] Elapsed:: 0.29825499933212996ms DirectoryWatcher:: Triggered with /home/ronnie/Harikar/harikar-website-astro/src/styles/style.css 1:: WatchInfo: /home/ronnie/Harikar/harikar-website-astro 1 undefined Config: /home/ronnie/Harikar/harikar-website-astro/tsconfig.json WatchType: Wild card directory
Info 292  [09:44:56.860] DirectoryWatcher:: Triggered with /home/ronnie/Harikar/harikar-website-astro/src/styles/style.css 0:: WatchInfo: /home/ronnie/Harikar/harikar-website-astro/src 1 undefined Project: /home/ronnie/Harikar/harikar-website-astro/tsconfig.json WatchType: Failed Lookup Locations
Info 293  [09:44:56.860] Elapsed:: 0.1612799996510148ms DirectoryWatcher:: Triggered with /home/ronnie/Harikar/harikar-website-astro/src/styles/style.css 0:: WatchInfo: /home/ronnie/Harikar/harikar-website-astro/src 1 undefined Project: /home/ronnie/Harikar/harikar-website-astro/tsconfig.json WatchType: Failed Lookup Locations
Info 294  [09:47:31.731] DirectoryWatcher:: Triggered with /home/ronnie/Harikar/harikar-website-astro :: WatchInfo: /home/ronnie/Harikar/harikar-website-astro 1 undefined Config: /home/ronnie/Harikar/harikar-website-astro/tsconfig.json WatchType: Wild card directory
Info 295  [09:47:31.732] Elapsed:: 0.20780100021511316ms DirectoryWatcher:: Triggered with /home/ronnie/Harikar/harikar-website-astro :: WatchInfo: /home/ronnie/Harikar/harikar-website-astro 1 undefined Config: /home/ronnie/Harikar/harikar-website-astro/tsconfig.json WatchType: Wild card directory
Info 296  [09:47:31.732] DirectoryWatcher:: Triggered with /home/ronnie/Harikar/harikar-website-astro/src :: WatchInfo: /home/ronnie/Harikar/harikar-website-astro/src 1 undefined Project: /home/ronnie/Harikar/harikar-website-astro/tsconfig.json WatchType: Failed Lookup Locations
Info 297  [09:47:31.732] Elapsed:: 0.07589500024914742ms DirectoryWatcher:: Triggered with /home/ronnie/Harikar/harikar-website-astro/src :: WatchInfo: /home/ronnie/Harikar/harikar-website-astro/src 1 undefined Project: /home/ronnie/Harikar/harikar-website-astro/tsconfig.json WatchType: Failed Lookup Locations
Info 298  [09:47:31.991] Starting updateGraphWorker: Project: /home/ronnie/Harikar/harikar-website-astro/tsconfig.json
Info 299  [09:47:32.051] Finishing updateGraphWorker: Project: /home/ronnie/Harikar/harikar-website-astro/tsconfig.json Version: 15 structureChanged: true structureIsReused:: SafeModules Elapsed: 60.12418999988586ms
Info 300  [09:47:32.051] Different program with same set of files
Info 301  [09:47:41.012] DirectoryWatcher:: Triggered with /home/ronnie/Harikar/harikar-website-astro/src/components/Triangle.astro :: WatchInfo: /home/ronnie/Harikar/harikar-website-astro 1 undefined Config: /home/ronnie/Harikar/harikar-website-astro/tsconfig.json WatchType: Wild card directory
Info 302  [09:47:41.012] Project: /home/ronnie/Harikar/harikar-website-astro/tsconfig.json Detected file add/remove of non supported extension: /home/ronnie/Harikar/harikar-website-astro/src/components/Triangle.astro
Info 303  [09:47:41.012] Elapsed:: 0.3681910000741482ms DirectoryWatcher:: Triggered with /home/ronnie/Harikar/harikar-website-astro/src/components/Triangle.astro :: WatchInfo: /home/ronnie/Harikar/harikar-website-astro 1 undefined Config: /home/ronnie/Harikar/harikar-website-astro/tsconfig.json WatchType: Wild card directory
Info 304  [09:47:41.012] DirectoryWatcher:: Triggered with /home/ronnie/Harikar/harikar-website-astro/src/components/Triangle.astro :: WatchInfo: /home/ronnie/Harikar/harikar-website-astro/src 1 undefined Project: /home/ronnie/Harikar/harikar-website-astro/tsconfig.json WatchType: Failed Lookup Locations
Info 305  [09:47:41.013] Elapsed:: 0.07070200052112341ms DirectoryWatcher:: Triggered with /home/ronnie/Harikar/harikar-website-astro/src/components/Triangle.astro :: WatchInfo: /home/ronnie/Harikar/harikar-website-astro/src 1 undefined Project: /home/ronnie/Harikar/harikar-website-astro/tsconfig.json WatchType: Failed Lookup Locations
Info 306  [09:47:42.014] DirectoryWatcher:: Triggered with /home/ronnie/Harikar/harikar-website-astro :: WatchInfo: /home/ronnie/Harikar/harikar-website-astro 1 undefined Config: /home/ronnie/Harikar/harikar-website-astro/tsconfig.json WatchType: Wild card directory
Info 307  [09:47:42.015] Elapsed:: 0.2397450003772974ms DirectoryWatcher:: Triggered with /home/ronnie/Harikar/harikar-website-astro :: WatchInfo: /home/ronnie/Harikar/harikar-website-astro 1 undefined Config: /home/ronnie/Harikar/harikar-website-astro/tsconfig.json WatchType: Wild card directory
Info 308  [09:47:42.015] DirectoryWatcher:: Triggered with /home/ronnie/Harikar/harikar-website-astro/src :: WatchInfo: /home/ronnie/Harikar/harikar-website-astro/src 1 undefined Project: /home/ronnie/Harikar/harikar-website-astro/tsconfig.json WatchType: Failed Lookup Locations
Info 309  [09:47:42.015] Elapsed:: 0.10970600042492151ms DirectoryWatcher:: Triggered with /home/ronnie/Harikar/harikar-website-astro/src :: WatchInfo: /home/ronnie/Harikar/harikar-website-astro/src 1 undefined Project: /home/ronnie/Harikar/harikar-website-astro/tsconfig.json WatchType: Failed Lookup Locations
Info 310  [09:47:42.272] Starting updateGraphWorker: Project: /home/ronnie/Harikar/harikar-website-astro/tsconfig.json
Info 311  [09:47:42.326] Finishing updateGraphWorker: Project: /home/ronnie/Harikar/harikar-website-astro/tsconfig.json Version: 16 structureChanged: true structureIsReused:: SafeModules Elapsed: 53.23051399923861ms
Info 312  [09:47:42.326] Different program with same set of files
